stdio    D         file_stdio.c:110  file_stdio_fopen                 [   0.00000] opening C:\Users\huang\OneDrive\桌面\finalproject\SourceCode\allegro5.cfg r
system   D            wsystem.c:874  _al_win_safe_load_library        [   0.00000] PathFindOnPath found: C:\Windows\system32\shcore.dll
system   D            wsystem.c:780  load_library_at_path             [   0.00000] Calling LoadLibrary C:\Windows\system32\shcore.dll
system   I            wsystem.c:783  load_library_at_path             [   0.00000] Loaded C:\Windows\system32\shcore.dll
system   I             system.c:271  al_install_system                [   0.00000] Allegro version: 5.2.7
audio-dsound I           dsound.cpp:271  _dsound_open                     [   0.00046] Starting DirectSound...
audio-dsound D           dsound.cpp:280  _dsound_open                     [   0.03657] DirectSoundCreate8 succeeded
audio-dsound I           dsound.cpp:73   get_window                       [   0.03667] Using desktop window: 0000000000010010
audio    I              audio.c:347  do_install_audio                 [   0.03681] Using DirectSound driver
system   D            wsystem.c:874  _al_win_safe_load_library        [   0.03709] PathFindOnPath found: C:\Windows\system32\d3d9.dll
system   D            wsystem.c:780  load_library_at_path             [   0.03711] Calling LoadLibrary C:\Windows\system32\d3d9.dll
system   I            wsystem.c:783  load_library_at_path             [   0.03879] Loaded C:\Windows\system32\d3d9.dll
d3d      I         d3d_disp.cpp:684  d3d_init_display                 [   0.11340] Render-to-texture: 1
d3d      I         d3d_disp.cpp:1782 d3d_create_display_locked        [   0.11510] faux_fullscreen=0
d3d      D         d3d_disp.cpp:1783 d3d_create_display_locked        [   0.11516] al_display=000000000146b5f0
d3d      D         d3d_disp.cpp:1784 d3d_create_display_locked        [   0.11518] al_display->vt=000000000146b480
d3d      I d3d_display_formats.cpp:144  _al_d3d_generate_display_format_list [   0.12850] found 128 format combinations
display  D   display_settings.c:212  debug_display_settings           [   0.12859] color: 32 (rgba 8880), depth: 0, stencil: 0, acc: 0000, samples: 0/0
display  D   display_settings.c:527  _al_score_display_settings       [   0.12862] Score is : 897
display  D   display_settings.c:212  debug_display_settings           [   0.12865] color: 32 (rgba 8880), depth: 0, stencil: 0, acc: 0000, samples: 0/0
display  D   display_settings.c:527  _al_score_display_settings       [   0.12867] Score is : 897
display  D   display_settings.c:212  debug_display_settings           [   0.12869] color: 32 (rgba 8880), depth: 0, stencil: 0, acc: 0000, samples: 2/1
display  D   display_settings.c:527  _al_score_display_settings       [   0.12872] Score is : 726
display  D   display_settings.c:212  debug_display_settings           [   0.12874] color: 32 (rgba 8880), depth: 0, stencil: 0, acc: 0000, samples: 3/1
display  D   display_settings.c:527  _al_score_display_settings       [   0.12877] Score is : 721
display  D   display_settings.c:212  debug_display_settings           [   0.12879] color: 32 (rgba 8880), depth: 24, stencil: 8, acc: 0000, samples: 0/0
display  D   display_settings.c:527  _al_score_display_settings       [   0.12881] Score is : 897
display  D   display_settings.c:212  debug_display_settings           [   0.12884] color: 32 (rgba 8880), depth: 24, stencil: 8, acc: 0000, samples: 0/0
display  D   display_settings.c:527  _al_score_display_settings       [   0.12886] Score is : 897
display  D   display_settings.c:212  debug_display_settings           [   0.12888] color: 32 (rgba 8880), depth: 24, stencil: 8, acc: 0000, samples: 2/1
display  D   display_settings.c:527  _al_score_display_settings       [   0.12891] Score is : 726
display  D   display_settings.c:212  debug_display_settings           [   0.12893] color: 32 (rgba 8880), depth: 24, stencil: 8, acc: 0000, samples: 3/1
display  D   display_settings.c:527  _al_score_display_settings       [   0.12895] Score is : 721
display  D   display_settings.c:212  debug_display_settings           [   0.12898] color: 32 (rgba 8880), depth: 24, stencil: 0, acc: 0000, samples: 0/0
display  D   display_settings.c:527  _al_score_display_settings       [   0.12909] Score is : 897
display  D   display_settings.c:212  debug_display_settings           [   0.12912] color: 32 (rgba 8880), depth: 24, stencil: 0, acc: 0000, samples: 0/0
display  D   display_settings.c:527  _al_score_display_settings       [   0.12915] Score is : 897
display  D   display_settings.c:212  debug_display_settings           [   0.12917] color: 32 (rgba 8880), depth: 24, stencil: 0, acc: 0000, samples: 2/1
display  D   display_settings.c:527  _al_score_display_settings       [   0.12919] Score is : 726
display  D   display_settings.c:212  debug_display_settings           [   0.12921] color: 32 (rgba 8880), depth: 24, stencil: 0, acc: 0000, samples: 3/1
display  D   display_settings.c:527  _al_score_display_settings       [   0.12927] Score is : 721
display  D   display_settings.c:212  debug_display_settings           [   0.12929] color: 32 (rgba 8880), depth: 16, stencil: 0, acc: 0000, samples: 0/0
display  D   display_settings.c:527  _al_score_display_settings       [   0.12932] Score is : 897
display  D   display_settings.c:212  debug_display_settings           [   0.12934] color: 32 (rgba 8880), depth: 16, stencil: 0, acc: 0000, samples: 0/0
display  D   display_settings.c:527  _al_score_display_settings       [   0.12937] Score is : 897
display  D   display_settings.c:212  debug_display_settings           [   0.12939] color: 32 (rgba 8880), depth: 16, stencil: 0, acc: 0000, samples: 2/1
display  D   display_settings.c:527  _al_score_display_settings       [   0.12941] Score is : 726
display  D   display_settings.c:212  debug_display_settings           [   0.12943] color: 32 (rgba 8880), depth: 16, stencil: 0, acc: 0000, samples: 3/1
display  D   display_settings.c:527  _al_score_display_settings       [   0.12946] Score is : 721
display  D   display_settings.c:212  debug_display_settings           [   0.12948] color: 16 (rgba 5650), depth: 0, stencil: 0, acc: 0000, samples: 0/0
display  D   display_settings.c:527  _al_score_display_settings       [   0.12950] Score is : 897
display  D   display_settings.c:212  debug_display_settings           [   0.12953] color: 16 (rgba 5650), depth: 0, stencil: 0, acc: 0000, samples: 0/0
display  D   display_settings.c:527  _al_score_display_settings       [   0.12955] Score is : 897
display  D   display_settings.c:212  debug_display_settings           [   0.12957] color: 16 (rgba 5650), depth: 0, stencil: 0, acc: 0000, samples: 2/1
display  D   display_settings.c:527  _al_score_display_settings       [   0.12960] Score is : 726
display  D   display_settings.c:212  debug_display_settings           [   0.12962] color: 16 (rgba 5650), depth: 0, stencil: 0, acc: 0000, samples: 3/1
display  D   display_settings.c:527  _al_score_display_settings       [   0.12964] Score is : 721
display  D   display_settings.c:212  debug_display_settings           [   0.12966] color: 16 (rgba 5650), depth: 24, stencil: 8, acc: 0000, samples: 0/0
display  D   display_settings.c:527  _al_score_display_settings       [   0.12969] Score is : 897
display  D   display_settings.c:212  debug_display_settings           [   0.12972] color: 16 (rgba 5650), depth: 24, stencil: 8, acc: 0000, samples: 0/0
display  D   display_settings.c:527  _al_score_display_settings       [   0.12974] Score is : 897
display  D   display_settings.c:212  debug_display_settings           [   0.12977] color: 16 (rgba 5650), depth: 24, stencil: 8, acc: 0000, samples: 2/1
display  D   display_settings.c:527  _al_score_display_settings       [   0.12979] Score is : 726
display  D   display_settings.c:212  debug_display_settings           [   0.12982] color: 16 (rgba 5650), depth: 24, stencil: 8, acc: 0000, samples: 3/1
display  D   display_settings.c:527  _al_score_display_settings       [   0.12984] Score is : 721
display  D   display_settings.c:212  debug_display_settings           [   0.12987] color: 16 (rgba 5650), depth: 24, stencil: 0, acc: 0000, samples: 0/0
display  D   display_settings.c:527  _al_score_display_settings       [   0.12989] Score is : 897
display  D   display_settings.c:212  debug_display_settings           [   0.12992] color: 16 (rgba 5650), depth: 24, stencil: 0, acc: 0000, samples: 0/0
display  D   display_settings.c:527  _al_score_display_settings       [   0.12995] Score is : 897
display  D   display_settings.c:212  debug_display_settings           [   0.12997] color: 16 (rgba 5650), depth: 24, stencil: 0, acc: 0000, samples: 2/1
display  D   display_settings.c:527  _al_score_display_settings       [   0.13000] Score is : 726
display  D   display_settings.c:212  debug_display_settings           [   0.13002] color: 16 (rgba 5650), depth: 24, stencil: 0, acc: 0000, samples: 3/1
display  D   display_settings.c:527  _al_score_display_settings       [   0.13005] Score is : 721
display  D   display_settings.c:212  debug_display_settings           [   0.13007] color: 16 (rgba 5650), depth: 16, stencil: 0, acc: 0000, samples: 0/0
display  D   display_settings.c:527  _al_score_display_settings       [   0.13010] Score is : 897
display  D   display_settings.c:212  debug_display_settings           [   0.13012] color: 16 (rgba 5650), depth: 16, stencil: 0, acc: 0000, samples: 0/0
display  D   display_settings.c:527  _al_score_display_settings       [   0.13015] Score is : 897
display  D   display_settings.c:212  debug_display_settings           [   0.13017] color: 16 (rgba 5650), depth: 16, stencil: 0, acc: 0000, samples: 2/1
display  D   display_settings.c:527  _al_score_display_settings       [   0.13020] Score is : 726
display  D   display_settings.c:212  debug_display_settings           [   0.13022] color: 16 (rgba 5650), depth: 16, stencil: 0, acc: 0000, samples: 3/1
display  D   display_settings.c:527  _al_score_display_settings       [   0.13025] Score is : 721
display  D   display_settings.c:212  debug_display_settings           [   0.13027] color: 32 (rgba 8880), depth: 0, stencil: 0, acc: 0000, samples: 0/0
display  D   display_settings.c:398  _al_score_display_settings       [   0.13030] Single Buffer requirement not met.
display  D   display_settings.c:212  debug_display_settings           [   0.13032] color: 32 (rgba 8880), depth: 0, stencil: 0, acc: 0000, samples: 0/0
display  D   display_settings.c:398  _al_score_display_settings       [   0.13035] Single Buffer requirement not met.
display  D   display_settings.c:212  debug_display_settings           [   0.13038] color: 32 (rgba 8880), depth: 0, stencil: 0, acc: 0000, samples: 2/1
display  D   display_settings.c:398  _al_score_display_settings       [   0.13040] Single Buffer requirement not met.
display  D   display_settings.c:212  debug_display_settings           [   0.13043] color: 32 (rgba 8880), depth: 0, stencil: 0, acc: 0000, samples: 3/1
display  D   display_settings.c:398  _al_score_display_settings       [   0.13045] Single Buffer requirement not met.
display  D   display_settings.c:212  debug_display_settings           [   0.13048] color: 32 (rgba 8880), depth: 24, stencil: 8, acc: 0000, samples: 0/0
display  D   display_settings.c:398  _al_score_display_settings       [   0.13051] Single Buffer requirement not met.
display  D   display_settings.c:212  debug_display_settings           [   0.13053] color: 32 (rgba 8880), depth: 24, stencil: 8, acc: 0000, samples: 0/0
display  D   display_settings.c:398  _al_score_display_settings       [   0.13056] Single Buffer requirement not met.
display  D   display_settings.c:212  debug_display_settings           [   0.13058] color: 32 (rgba 8880), depth: 24, stencil: 8, acc: 0000, samples: 2/1
display  D   display_settings.c:398  _al_score_display_settings       [   0.13061] Single Buffer requirement not met.
display  D   display_settings.c:212  debug_display_settings           [   0.13063] color: 32 (rgba 8880), depth: 24, stencil: 8, acc: 0000, samples: 3/1
display  D   display_settings.c:398  _al_score_display_settings       [   0.13066] Single Buffer requirement not met.
display  D   display_settings.c:212  debug_display_settings           [   0.13068] color: 32 (rgba 8880), depth: 24, stencil: 0, acc: 0000, samples: 0/0
display  D   display_settings.c:398  _al_score_display_settings       [   0.13071] Single Buffer requirement not met.
display  D   display_settings.c:212  debug_display_settings           [   0.13073] color: 32 (rgba 8880), depth: 24, stencil: 0, acc: 0000, samples: 0/0
display  D   display_settings.c:398  _al_score_display_settings       [   0.13075] Single Buffer requirement not met.
display  D   display_settings.c:212  debug_display_settings           [   0.13078] color: 32 (rgba 8880), depth: 24, stencil: 0, acc: 0000, samples: 2/1
display  D   display_settings.c:398  _al_score_display_settings       [   0.13080] Single Buffer requirement not met.
display  D   display_settings.c:212  debug_display_settings           [   0.13082] color: 32 (rgba 8880), depth: 24, stencil: 0, acc: 0000, samples: 3/1
display  D   display_settings.c:398  _al_score_display_settings       [   0.13085] Single Buffer requirement not met.
display  D   display_settings.c:212  debug_display_settings           [   0.13087] color: 32 (rgba 8880), depth: 16, stencil: 0, acc: 0000, samples: 0/0
display  D   display_settings.c:398  _al_score_display_settings       [   0.13090] Single Buffer requirement not met.
display  D   display_settings.c:212  debug_display_settings           [   0.13092] color: 32 (rgba 8880), depth: 16, stencil: 0, acc: 0000, samples: 0/0
display  D   display_settings.c:398  _al_score_display_settings       [   0.13094] Single Buffer requirement not met.
display  D   display_settings.c:212  debug_display_settings           [   0.13097] color: 32 (rgba 8880), depth: 16, stencil: 0, acc: 0000, samples: 2/1
display  D   display_settings.c:398  _al_score_display_settings       [   0.13099] Single Buffer requirement not met.
display  D   display_settings.c:212  debug_display_settings           [   0.13101] color: 32 (rgba 8880), depth: 16, stencil: 0, acc: 0000, samples: 3/1
display  D   display_settings.c:398  _al_score_display_settings       [   0.13104] Single Buffer requirement not met.
display  D   display_settings.c:212  debug_display_settings           [   0.13106] color: 16 (rgba 5650), depth: 0, stencil: 0, acc: 0000, samples: 0/0
display  D   display_settings.c:398  _al_score_display_settings       [   0.13109] Single Buffer requirement not met.
display  D   display_settings.c:212  debug_display_settings           [   0.13111] color: 16 (rgba 5650), depth: 0, stencil: 0, acc: 0000, samples: 0/0
display  D   display_settings.c:398  _al_score_display_settings       [   0.13114] Single Buffer requirement not met.
display  D   display_settings.c:212  debug_display_settings           [   0.13116] color: 16 (rgba 5650), depth: 0, stencil: 0, acc: 0000, samples: 2/1
display  D   display_settings.c:398  _al_score_display_settings       [   0.13120] Single Buffer requirement not met.
display  D   display_settings.c:212  debug_display_settings           [   0.13122] color: 16 (rgba 5650), depth: 0, stencil: 0, acc: 0000, samples: 3/1
display  D   display_settings.c:398  _al_score_display_settings       [   0.13125] Single Buffer requirement not met.
display  D   display_settings.c:212  debug_display_settings           [   0.13127] color: 16 (rgba 5650), depth: 24, stencil: 8, acc: 0000, samples: 0/0
display  D   display_settings.c:398  _al_score_display_settings       [   0.13130] Single Buffer requirement not met.
display  D   display_settings.c:212  debug_display_settings           [   0.13132] color: 16 (rgba 5650), depth: 24, stencil: 8, acc: 0000, samples: 0/0
display  D   display_settings.c:398  _al_score_display_settings       [   0.13134] Single Buffer requirement not met.
display  D   display_settings.c:212  debug_display_settings           [   0.13136] color: 16 (rgba 5650), depth: 24, stencil: 8, acc: 0000, samples: 2/1
display  D   display_settings.c:398  _al_score_display_settings       [   0.13139] Single Buffer requirement not met.
display  D   display_settings.c:212  debug_display_settings           [   0.13145] color: 16 (rgba 5650), depth: 24, stencil: 8, acc: 0000, samples: 3/1
display  D   display_settings.c:398  _al_score_display_settings       [   0.13148] Single Buffer requirement not met.
display  D   display_settings.c:212  debug_display_settings           [   0.13150] color: 16 (rgba 5650), depth: 24, stencil: 0, acc: 0000, samples: 0/0
display  D   display_settings.c:398  _al_score_display_settings       [   0.13152] Single Buffer requirement not met.
display  D   display_settings.c:212  debug_display_settings           [   0.13155] color: 16 (rgba 5650), depth: 24, stencil: 0, acc: 0000, samples: 0/0
display  D   display_settings.c:398  _al_score_display_settings       [   0.13157] Single Buffer requirement not met.
display  D   display_settings.c:212  debug_display_settings           [   0.13159] color: 16 (rgba 5650), depth: 24, stencil: 0, acc: 0000, samples: 2/1
display  D   display_settings.c:398  _al_score_display_settings       [   0.13162] Single Buffer requirement not met.
display  D   display_settings.c:212  debug_display_settings           [   0.13164] color: 16 (rgba 5650), depth: 24, stencil: 0, acc: 0000, samples: 3/1
display  D   display_settings.c:398  _al_score_display_settings       [   0.13167] Single Buffer requirement not met.
display  D   display_settings.c:212  debug_display_settings           [   0.13169] color: 16 (rgba 5650), depth: 16, stencil: 0, acc: 0000, samples: 0/0
display  D   display_settings.c:398  _al_score_display_settings       [   0.13171] Single Buffer requirement not met.
display  D   display_settings.c:212  debug_display_settings           [   0.13173] color: 16 (rgba 5650), depth: 16, stencil: 0, acc: 0000, samples: 0/0
display  D   display_settings.c:398  _al_score_display_settings       [   0.13176] Single Buffer requirement not met.
display  D   display_settings.c:212  debug_display_settings           [   0.13178] color: 16 (rgba 5650), depth: 16, stencil: 0, acc: 0000, samples: 2/1
display  D   display_settings.c:398  _al_score_display_settings       [   0.13180] Single Buffer requirement not met.
display  D   display_settings.c:212  debug_display_settings           [   0.13182] color: 16 (rgba 5650), depth: 16, stencil: 0, acc: 0000, samples: 3/1
display  D   display_settings.c:398  _al_score_display_settings       [   0.13184] Single Buffer requirement not met.
display  D   display_settings.c:212  debug_display_settings           [   0.13187] color: 32 (rgba 8880), depth: 0, stencil: 0, acc: 0000, samples: 0/0
display  D   display_settings.c:527  _al_score_display_settings       [   0.13189] Score is : 769
display  D   display_settings.c:212  debug_display_settings           [   0.13191] color: 32 (rgba 8880), depth: 0, stencil: 0, acc: 0000, samples: 0/0
display  D   display_settings.c:527  _al_score_display_settings       [   0.13193] Score is : 769
display  D   display_settings.c:212  debug_display_settings           [   0.13195] color: 32 (rgba 8880), depth: 0, stencil: 0, acc: 0000, samples: 2/1
display  D   display_settings.c:527  _al_score_display_settings       [   0.13198] Score is : 598
display  D   display_settings.c:212  debug_display_settings           [   0.13200] color: 32 (rgba 8880), depth: 0, stencil: 0, acc: 0000, samples: 3/1
display  D   display_settings.c:527  _al_score_display_settings       [   0.13202] Score is : 593
display  D   display_settings.c:212  debug_display_settings           [   0.13204] color: 32 (rgba 8880), depth: 24, stencil: 8, acc: 0000, samples: 0/0
display  D   display_settings.c:527  _al_score_display_settings       [   0.13206] Score is : 769
display  D   display_settings.c:212  debug_display_settings           [   0.13208] color: 32 (rgba 8880), depth: 24, stencil: 8, acc: 0000, samples: 0/0
display  D   display_settings.c:527  _al_score_display_settings       [   0.13210] Score is : 769
display  D   display_settings.c:212  debug_display_settings           [   0.13212] color: 32 (rgba 8880), depth: 24, stencil: 8, acc: 0000, samples: 2/1
display  D   display_settings.c:527  _al_score_display_settings       [   0.13215] Score is : 598
display  D   display_settings.c:212  debug_display_settings           [   0.13217] color: 32 (rgba 8880), depth: 24, stencil: 8, acc: 0000, samples: 3/1
display  D   display_settings.c:527  _al_score_display_settings       [   0.13219] Score is : 593
display  D   display_settings.c:212  debug_display_settings           [   0.13221] color: 32 (rgba 8880), depth: 24, stencil: 0, acc: 0000, samples: 0/0
display  D   display_settings.c:527  _al_score_display_settings       [   0.13224] Score is : 769
display  D   display_settings.c:212  debug_display_settings           [   0.13226] color: 32 (rgba 8880), depth: 24, stencil: 0, acc: 0000, samples: 0/0
display  D   display_settings.c:527  _al_score_display_settings       [   0.13228] Score is : 769
display  D   display_settings.c:212  debug_display_settings           [   0.13230] color: 32 (rgba 8880), depth: 24, stencil: 0, acc: 0000, samples: 2/1
display  D   display_settings.c:527  _al_score_display_settings       [   0.13232] Score is : 598
display  D   display_settings.c:212  debug_display_settings           [   0.13234] color: 32 (rgba 8880), depth: 24, stencil: 0, acc: 0000, samples: 3/1
display  D   display_settings.c:527  _al_score_display_settings       [   0.13236] Score is : 593
display  D   display_settings.c:212  debug_display_settings           [   0.13238] color: 32 (rgba 8880), depth: 16, stencil: 0, acc: 0000, samples: 0/0
display  D   display_settings.c:527  _al_score_display_settings       [   0.13241] Score is : 769
display  D   display_settings.c:212  debug_display_settings           [   0.13243] color: 32 (rgba 8880), depth: 16, stencil: 0, acc: 0000, samples: 0/0
display  D   display_settings.c:527  _al_score_display_settings       [   0.13245] Score is : 769
display  D   display_settings.c:212  debug_display_settings           [   0.13247] color: 32 (rgba 8880), depth: 16, stencil: 0, acc: 0000, samples: 2/1
display  D   display_settings.c:527  _al_score_display_settings       [   0.13249] Score is : 598
display  D   display_settings.c:212  debug_display_settings           [   0.13251] color: 32 (rgba 8880), depth: 16, stencil: 0, acc: 0000, samples: 3/1
display  D   display_settings.c:527  _al_score_display_settings       [   0.13253] Score is : 593
display  D   display_settings.c:212  debug_display_settings           [   0.13255] color: 16 (rgba 5650), depth: 0, stencil: 0, acc: 0000, samples: 0/0
display  D   display_settings.c:527  _al_score_display_settings       [   0.13258] Score is : 769
display  D   display_settings.c:212  debug_display_settings           [   0.13260] color: 16 (rgba 5650), depth: 0, stencil: 0, acc: 0000, samples: 0/0
display  D   display_settings.c:527  _al_score_display_settings       [   0.13262] Score is : 769
display  D   display_settings.c:212  debug_display_settings           [   0.13264] color: 16 (rgba 5650), depth: 0, stencil: 0, acc: 0000, samples: 2/1
display  D   display_settings.c:527  _al_score_display_settings       [   0.13266] Score is : 598
display  D   display_settings.c:212  debug_display_settings           [   0.13268] color: 16 (rgba 5650), depth: 0, stencil: 0, acc: 0000, samples: 3/1
display  D   display_settings.c:527  _al_score_display_settings       [   0.13270] Score is : 593
display  D   display_settings.c:212  debug_display_settings           [   0.13272] color: 16 (rgba 5650), depth: 24, stencil: 8, acc: 0000, samples: 0/0
display  D   display_settings.c:527  _al_score_display_settings       [   0.13274] Score is : 769
display  D   display_settings.c:212  debug_display_settings           [   0.13276] color: 16 (rgba 5650), depth: 24, stencil: 8, acc: 0000, samples: 0/0
display  D   display_settings.c:527  _al_score_display_settings       [   0.13278] Score is : 769
display  D   display_settings.c:212  debug_display_settings           [   0.13280] color: 16 (rgba 5650), depth: 24, stencil: 8, acc: 0000, samples: 2/1
display  D   display_settings.c:527  _al_score_display_settings       [   0.13282] Score is : 598
display  D   display_settings.c:212  debug_display_settings           [   0.13284] color: 16 (rgba 5650), depth: 24, stencil: 8, acc: 0000, samples: 3/1
display  D   display_settings.c:527  _al_score_display_settings       [   0.13286] Score is : 593
display  D   display_settings.c:212  debug_display_settings           [   0.13288] color: 16 (rgba 5650), depth: 24, stencil: 0, acc: 0000, samples: 0/0
display  D   display_settings.c:527  _al_score_display_settings       [   0.13290] Score is : 769
display  D   display_settings.c:212  debug_display_settings           [   0.13292] color: 16 (rgba 5650), depth: 24, stencil: 0, acc: 0000, samples: 0/0
display  D   display_settings.c:527  _al_score_display_settings       [   0.13294] Score is : 769
display  D   display_settings.c:212  debug_display_settings           [   0.13296] color: 16 (rgba 5650), depth: 24, stencil: 0, acc: 0000, samples: 2/1
display  D   display_settings.c:527  _al_score_display_settings       [   0.13299] Score is : 598
display  D   display_settings.c:212  debug_display_settings           [   0.13301] color: 16 (rgba 5650), depth: 24, stencil: 0, acc: 0000, samples: 3/1
display  D   display_settings.c:527  _al_score_display_settings       [   0.13304] Score is : 593
display  D   display_settings.c:212  debug_display_settings           [   0.13305] color: 16 (rgba 5650), depth: 16, stencil: 0, acc: 0000, samples: 0/0
display  D   display_settings.c:527  _al_score_display_settings       [   0.13308] Score is : 769
display  D   display_settings.c:212  debug_display_settings           [   0.13309] color: 16 (rgba 5650), depth: 16, stencil: 0, acc: 0000, samples: 0/0
display  D   display_settings.c:527  _al_score_display_settings       [   0.13312] Score is : 769
display  D   display_settings.c:212  debug_display_settings           [   0.13313] color: 16 (rgba 5650), depth: 16, stencil: 0, acc: 0000, samples: 2/1
display  D   display_settings.c:527  _al_score_display_settings       [   0.13316] Score is : 598
display  D   display_settings.c:212  debug_display_settings           [   0.13318] color: 16 (rgba 5650), depth: 16, stencil: 0, acc: 0000, samples: 3/1
display  D   display_settings.c:527  _al_score_display_settings       [   0.13320] Score is : 593
display  D   display_settings.c:212  debug_display_settings           [   0.13322] color: 32 (rgba 8880), depth: 0, stencil: 0, acc: 0000, samples: 0/0
display  D   display_settings.c:398  _al_score_display_settings       [   0.13324] Single Buffer requirement not met.
display  D   display_settings.c:212  debug_display_settings           [   0.13326] color: 32 (rgba 8880), depth: 0, stencil: 0, acc: 0000, samples: 0/0
display  D   display_settings.c:398  _al_score_display_settings       [   0.13328] Single Buffer requirement not met.
display  D   display_settings.c:212  debug_display_settings           [   0.13330] color: 32 (rgba 8880), depth: 0, stencil: 0, acc: 0000, samples: 2/1
display  D   display_settings.c:398  _al_score_display_settings       [   0.13332] Single Buffer requirement not met.
display  D   display_settings.c:212  debug_display_settings           [   0.13334] color: 32 (rgba 8880), depth: 0, stencil: 0, acc: 0000, samples: 3/1
display  D   display_settings.c:398  _al_score_display_settings       [   0.13336] Single Buffer requirement not met.
display  D   display_settings.c:212  debug_display_settings           [   0.13338] color: 32 (rgba 8880), depth: 24, stencil: 8, acc: 0000, samples: 0/0
display  D   display_settings.c:398  _al_score_display_settings       [   0.13340] Single Buffer requirement not met.
display  D   display_settings.c:212  debug_display_settings           [   0.13342] color: 32 (rgba 8880), depth: 24, stencil: 8, acc: 0000, samples: 0/0
display  D   display_settings.c:398  _al_score_display_settings       [   0.13344] Single Buffer requirement not met.
display  D   display_settings.c:212  debug_display_settings           [   0.13346] color: 32 (rgba 8880), depth: 24, stencil: 8, acc: 0000, samples: 2/1
display  D   display_settings.c:398  _al_score_display_settings       [   0.13348] Single Buffer requirement not met.
display  D   display_settings.c:212  debug_display_settings           [   0.13351] color: 32 (rgba 8880), depth: 24, stencil: 8, acc: 0000, samples: 3/1
display  D   display_settings.c:398  _al_score_display_settings       [   0.13353] Single Buffer requirement not met.
display  D   display_settings.c:212  debug_display_settings           [   0.13355] color: 32 (rgba 8880), depth: 24, stencil: 0, acc: 0000, samples: 0/0
display  D   display_settings.c:398  _al_score_display_settings       [   0.13357] Single Buffer requirement not met.
display  D   display_settings.c:212  debug_display_settings           [   0.13359] color: 32 (rgba 8880), depth: 24, stencil: 0, acc: 0000, samples: 0/0
display  D   display_settings.c:398  _al_score_display_settings       [   0.13361] Single Buffer requirement not met.
display  D   display_settings.c:212  debug_display_settings           [   0.13363] color: 32 (rgba 8880), depth: 24, stencil: 0, acc: 0000, samples: 2/1
display  D   display_settings.c:398  _al_score_display_settings       [   0.13365] Single Buffer requirement not met.
display  D   display_settings.c:212  debug_display_settings           [   0.13367] color: 32 (rgba 8880), depth: 24, stencil: 0, acc: 0000, samples: 3/1
display  D   display_settings.c:398  _al_score_display_settings       [   0.13369] Single Buffer requirement not met.
display  D   display_settings.c:212  debug_display_settings           [   0.13371] color: 32 (rgba 8880), depth: 16, stencil: 0, acc: 0000, samples: 0/0
display  D   display_settings.c:398  _al_score_display_settings       [   0.13373] Single Buffer requirement not met.
display  D   display_settings.c:212  debug_display_settings           [   0.13375] color: 32 (rgba 8880), depth: 16, stencil: 0, acc: 0000, samples: 0/0
display  D   display_settings.c:398  _al_score_display_settings       [   0.13377] Single Buffer requirement not met.
display  D   display_settings.c:212  debug_display_settings           [   0.13379] color: 32 (rgba 8880), depth: 16, stencil: 0, acc: 0000, samples: 2/1
display  D   display_settings.c:398  _al_score_display_settings       [   0.13381] Single Buffer requirement not met.
display  D   display_settings.c:212  debug_display_settings           [   0.13382] color: 32 (rgba 8880), depth: 16, stencil: 0, acc: 0000, samples: 3/1
display  D   display_settings.c:398  _al_score_display_settings       [   0.13384] Single Buffer requirement not met.
display  D   display_settings.c:212  debug_display_settings           [   0.13386] color: 16 (rgba 5650), depth: 0, stencil: 0, acc: 0000, samples: 0/0
display  D   display_settings.c:398  _al_score_display_settings       [   0.13388] Single Buffer requirement not met.
display  D   display_settings.c:212  debug_display_settings           [   0.13390] color: 16 (rgba 5650), depth: 0, stencil: 0, acc: 0000, samples: 0/0
display  D   display_settings.c:398  _al_score_display_settings       [   0.13392] Single Buffer requirement not met.
display  D   display_settings.c:212  debug_display_settings           [   0.13394] color: 16 (rgba 5650), depth: 0, stencil: 0, acc: 0000, samples: 2/1
display  D   display_settings.c:398  _al_score_display_settings       [   0.13396] Single Buffer requirement not met.
display  D   display_settings.c:212  debug_display_settings           [   0.13398] color: 16 (rgba 5650), depth: 0, stencil: 0, acc: 0000, samples: 3/1
display  D   display_settings.c:398  _al_score_display_settings       [   0.13400] Single Buffer requirement not met.
display  D   display_settings.c:212  debug_display_settings           [   0.13402] color: 16 (rgba 5650), depth: 24, stencil: 8, acc: 0000, samples: 0/0
display  D   display_settings.c:398  _al_score_display_settings       [   0.13404] Single Buffer requirement not met.
display  D   display_settings.c:212  debug_display_settings           [   0.13406] color: 16 (rgba 5650), depth: 24, stencil: 8, acc: 0000, samples: 0/0
display  D   display_settings.c:398  _al_score_display_settings       [   0.13410] Single Buffer requirement not met.
display  D   display_settings.c:212  debug_display_settings           [   0.13412] color: 16 (rgba 5650), depth: 24, stencil: 8, acc: 0000, samples: 2/1
display  D   display_settings.c:398  _al_score_display_settings       [   0.13414] Single Buffer requirement not met.
display  D   display_settings.c:212  debug_display_settings           [   0.13416] color: 16 (rgba 5650), depth: 24, stencil: 8, acc: 0000, samples: 3/1
display  D   display_settings.c:398  _al_score_display_settings       [   0.13418] Single Buffer requirement not met.
display  D   display_settings.c:212  debug_display_settings           [   0.13420] color: 16 (rgba 5650), depth: 24, stencil: 0, acc: 0000, samples: 0/0
display  D   display_settings.c:398  _al_score_display_settings       [   0.13422] Single Buffer requirement not met.
display  D   display_settings.c:212  debug_display_settings           [   0.13424] color: 16 (rgba 5650), depth: 24, stencil: 0, acc: 0000, samples: 0/0
display  D   display_settings.c:398  _al_score_display_settings       [   0.13426] Single Buffer requirement not met.
display  D   display_settings.c:212  debug_display_settings           [   0.13428] color: 16 (rgba 5650), depth: 24, stencil: 0, acc: 0000, samples: 2/1
display  D   display_settings.c:398  _al_score_display_settings       [   0.13430] Single Buffer requirement not met.
display  D   display_settings.c:212  debug_display_settings           [   0.13432] color: 16 (rgba 5650), depth: 24, stencil: 0, acc: 0000, samples: 3/1
display  D   display_settings.c:398  _al_score_display_settings       [   0.13434] Single Buffer requirement not met.
display  D   display_settings.c:212  debug_display_settings           [   0.13436] color: 16 (rgba 5650), depth: 16, stencil: 0, acc: 0000, samples: 0/0
display  D   display_settings.c:398  _al_score_display_settings       [   0.13438] Single Buffer requirement not met.
display  D   display_settings.c:212  debug_display_settings           [   0.13439] color: 16 (rgba 5650), depth: 16, stencil: 0, acc: 0000, samples: 0/0
display  D   display_settings.c:398  _al_score_display_settings       [   0.13441] Single Buffer requirement not met.
display  D   display_settings.c:212  debug_display_settings           [   0.13443] color: 16 (rgba 5650), depth: 16, stencil: 0, acc: 0000, samples: 2/1
display  D   display_settings.c:398  _al_score_display_settings       [   0.13445] Single Buffer requirement not met.
display  D   display_settings.c:212  debug_display_settings           [   0.13447] color: 16 (rgba 5650), depth: 16, stencil: 0, acc: 0000, samples: 3/1
display  D   display_settings.c:398  _al_score_display_settings       [   0.13449] Single Buffer requirement not met.
d3d      D         d3d_disp.cpp:1682 d3d_create_display_internals     [   0.13453] Trying format 0.
d3d      I         d3d_disp.cpp:1358 d3d_display_thread_proc          [   0.13511] Chose a display format: 23
d3d      I         d3d_disp.cpp:1427 d3d_display_thread_proc          [   0.13518] Normal window.
d3d      I         d3d_disp.cpp:791  d3d_create_device                [   0.23836] Using no depth stencil buffer
d3d      D         d3d_disp.cpp:853  d3d_create_device                [   0.26705] BeginScene succeeded in create_device
d3d      D         d3d_disp.cpp:861  d3d_create_device                [   0.26710] Success
d3d      D         d3d_disp.cpp:1705 d3d_create_display_internals     [   0.26713] Resumed after wait.
d3d      I         d3d_disp.cpp:1738 d3d_create_display_internals     [   0.26718] Format 0 succeeded.
d3d      D         d3d_disp.cpp:1769 d3d_create_display_internals     [   0.26720] Returning d3d_display: 000000000146b5f0
d3d      D         d3d_disp.cpp:1794 d3d_create_display_locked        [   0.26721] al_display=000000000146b5f0
d3d      D         d3d_disp.cpp:1795 d3d_create_display_locked        [   0.26722] al_display->vt=000000000146b480
system   W            wsystem.c:879  _al_win_safe_load_library        [   0.26771] PathFindOnPath failed to find d3dx9_43.dll
system   W            wsystem.c:879  _al_win_safe_load_library        [   0.26799] PathFindOnPath failed to find d3dx9_42.dll
system   W            wsystem.c:879  _al_win_safe_load_library        [   0.26821] PathFindOnPath failed to find d3dx9_41.dll
system   W            wsystem.c:879  _al_win_safe_load_library        [   0.26841] PathFindOnPath failed to find d3dx9_40.dll
system   W            wsystem.c:879  _al_win_safe_load_library        [   0.26861] PathFindOnPath failed to find d3dx9_39.dll
system   W            wsystem.c:879  _al_win_safe_load_library        [   0.26883] PathFindOnPath failed to find d3dx9_38.dll
system   W            wsystem.c:879  _al_win_safe_load_library        [   0.26909] PathFindOnPath failed to find d3dx9_37.dll
system   W            wsystem.c:879  _al_win_safe_load_library        [   0.26931] PathFindOnPath failed to find d3dx9_36.dll
system   W            wsystem.c:879  _al_win_safe_load_library        [   0.26950] PathFindOnPath failed to find d3dx9_35.dll
system   W            wsystem.c:879  _al_win_safe_load_library        [   0.26975] PathFindOnPath failed to find d3dx9_34.dll
system   W            wsystem.c:879  _al_win_safe_load_library        [   0.26999] PathFindOnPath failed to find d3dx9_33.dll
system   W            wsystem.c:879  _al_win_safe_load_library        [   0.27020] PathFindOnPath failed to find d3dx9_32.dll
system   W            wsystem.c:879  _al_win_safe_load_library        [   0.27039] PathFindOnPath failed to find d3dx9_31.dll
system   W            wsystem.c:879  _al_win_safe_load_library        [   0.27058] PathFindOnPath failed to find d3dx9_30.dll
system   W            wsystem.c:879  _al_win_safe_load_library        [   0.27077] PathFindOnPath failed to find d3dx9_29.dll
system   W            wsystem.c:879  _al_win_safe_load_library        [   0.27096] PathFindOnPath failed to find d3dx9_28.dll
system   W            wsystem.c:879  _al_win_safe_load_library        [   0.27142] PathFindOnPath failed to find d3dx9_27.dll
system   W            wsystem.c:879  _al_win_safe_load_library        [   0.27183] PathFindOnPath failed to find d3dx9_26.dll
system   W            wsystem.c:879  _al_win_safe_load_library        [   0.27219] PathFindOnPath failed to find d3dx9_25.dll
system   W            wsystem.c:879  _al_win_safe_load_library        [   0.27245] PathFindOnPath failed to find d3dx9_24.dll
d3dx9    E        d3d_d3dx9.cpp:121  _al_load_d3dx9_module            [   0.27246] Failed to load D3DX9 library. Library is not installed.
dtor     D               dtor.c:196  _al_register_destructor          [   0.27250] added dtor for timer 0000000002cd0510, func 00007ffddf9ffb3b
dtor     D               dtor.c:196  _al_register_destructor          [   0.27252] added dtor for queue 0000000002ccfc20, func 00007ffddf9ec5dc
stdio    D         file_stdio.c:110  file_stdio_fopen                 [   0.27349] opening ./assets/image/game_icon.png rb
stdio    D         file_stdio.c:110  file_stdio_fopen                 [   0.27367] opening ./assets/image/game_icon.png rb
d3d      D         d3d_disp.cpp:1202 real_choose_bitmap_format        [   0.27377] Fake format
d3d      D         d3d_disp.cpp:1202 real_choose_bitmap_format        [   0.27378] Fake format
d3d      D         d3d_disp.cpp:1202 real_choose_bitmap_format        [   0.27379] Fake format
d3d      D         d3d_disp.cpp:1202 real_choose_bitmap_format        [   0.27380] Fake format
d3d      D         d3d_disp.cpp:1202 real_choose_bitmap_format        [   0.27381] Fake format
d3d      D         d3d_disp.cpp:1202 real_choose_bitmap_format        [   0.27381] Fake format
d3d      D         d3d_disp.cpp:1202 real_choose_bitmap_format        [   0.27382] Fake format
d3d      D         d3d_disp.cpp:1202 real_choose_bitmap_format        [   0.27383] Fake format
d3d      D         d3d_disp.cpp:1202 real_choose_bitmap_format        [   0.27384] Fake format
d3d      D         d3d_disp.cpp:1210 real_choose_bitmap_format        [   0.27385] Alpha doesn't match
d3d      D         d3d_disp.cpp:1217 real_choose_bitmap_format        [   0.27386] Adapter format is 23
d3d      D         d3d_disp.cpp:1220 real_choose_bitmap_format        [   0.27387] Found a format
d3d      I         d3d_disp.cpp:2391 d3d_create_bitmap                [   0.27388] Chose bitmap format 9
dtor     D               dtor.c:196  _al_register_destructor          [   0.27420] added dtor for bitmap 0000000002cd62d0, func 00007ffddf9c1bea
d3d      D         d3d_disp.cpp:1202 real_choose_bitmap_format        [   0.27951] Fake format
d3d      D         d3d_disp.cpp:1202 real_choose_bitmap_format        [   0.27961] Fake format
d3d      D         d3d_disp.cpp:1202 real_choose_bitmap_format        [   0.27962] Fake format
d3d      D         d3d_disp.cpp:1202 real_choose_bitmap_format        [   0.27963] Fake format
d3d      D         d3d_disp.cpp:1202 real_choose_bitmap_format        [   0.27963] Fake format
d3d      D         d3d_disp.cpp:1202 real_choose_bitmap_format        [   0.27964] Fake format
d3d      D         d3d_disp.cpp:1202 real_choose_bitmap_format        [   0.27965] Fake format
d3d      D         d3d_disp.cpp:1202 real_choose_bitmap_format        [   0.27966] Fake format
d3d      D         d3d_disp.cpp:1202 real_choose_bitmap_format        [   0.27967] Fake format
d3d      D         d3d_disp.cpp:1210 real_choose_bitmap_format        [   0.27968] Alpha doesn't match
d3d      D         d3d_disp.cpp:1217 real_choose_bitmap_format        [   0.27969] Adapter format is 23
d3d      D         d3d_disp.cpp:1220 real_choose_bitmap_format        [   0.27970] Found a format
d3d      I         d3d_disp.cpp:2391 d3d_create_bitmap                [   0.27971] Chose bitmap format 9
dtor     D               dtor.c:196  _al_register_destructor          [   0.28003] added dtor for bitmap 0000000002cd23b0, func 00007ffddf9c1bea
d3d      D          d3d_bmp.cpp:539  _al_d3d_sync_bitmap              [   0.28446] _al_d3d_sync_bitmap (system) ref count == 1
d3d      D          d3d_bmp.cpp:545  _al_d3d_sync_bitmap              [   0.28451] _al_d3d_sync_bitmap (video) ref count == 1
dtor     D               dtor.c:227  _al_unregister_destructor        [   0.28737] removed dtor for bitmap 0000000002cd23b0
d3d      D         d3d_disp.cpp:1202 real_choose_bitmap_format        [   0.28905] Fake format
d3d      D         d3d_disp.cpp:1202 real_choose_bitmap_format        [   0.28910] Fake format
d3d      D         d3d_disp.cpp:1202 real_choose_bitmap_format        [   0.28912] Fake format
d3d      D         d3d_disp.cpp:1202 real_choose_bitmap_format        [   0.28913] Fake format
d3d      D         d3d_disp.cpp:1202 real_choose_bitmap_format        [   0.28914] Fake format
d3d      D         d3d_disp.cpp:1202 real_choose_bitmap_format        [   0.28915] Fake format
d3d      D         d3d_disp.cpp:1202 real_choose_bitmap_format        [   0.28916] Fake format
d3d      D         d3d_disp.cpp:1202 real_choose_bitmap_format        [   0.28917] Fake format
d3d      D         d3d_disp.cpp:1202 real_choose_bitmap_format        [   0.28919] Fake format
d3d      D         d3d_disp.cpp:1210 real_choose_bitmap_format        [   0.28920] Alpha doesn't match
d3d      D         d3d_disp.cpp:1217 real_choose_bitmap_format        [   0.28921] Adapter format is 23
d3d      D         d3d_disp.cpp:1220 real_choose_bitmap_format        [   0.28923] Found a format
d3d      I         d3d_disp.cpp:2391 d3d_create_bitmap                [   0.28924] Chose bitmap format 9
dtor     D               dtor.c:196  _al_register_destructor          [   0.28949] added dtor for bitmap 0000000002cd23b0, func 00007ffddf9c1bea
d3d      D          d3d_bmp.cpp:539  _al_d3d_sync_bitmap              [   0.30007] _al_d3d_sync_bitmap (system) ref count == 1
d3d      D          d3d_bmp.cpp:545  _al_d3d_sync_bitmap              [   0.30013] _al_d3d_sync_bitmap (video) ref count == 1
dtor     D               dtor.c:227  _al_unregister_destructor        [   0.30564] removed dtor for bitmap 0000000002cd23b0
audio-dsound D           dsound.cpp:311  _dsound_allocate_voice           [   0.30653] Allocating voice
audio-dsound D           dsound.cpp:370  _dsound_allocate_voice           [   0.30657] Allocated voice
dtor     D               dtor.c:196  _al_register_destructor          [   0.30658] added dtor for voice 0000000002ccc140, func 00007ffddfaf5024
dtor     D               dtor.c:196  _al_register_destructor          [   0.30660] added dtor for mixer 0000000002cd23b0, func 00007ffddfaf04dc
audio-dsound D           dsound.cpp:466  _dsound_start_voice              [   0.30661] Starting voice
audio-dsound D           dsound.cpp:494  _dsound_start_voice              [   0.30662] CreateSoundBuffer
audio-dsound D           dsound.cpp:502  _dsound_start_voice              [   0.30824] CreateSoundBuffer succeeded
audio-dsound D           dsound.cpp:508  _dsound_start_voice              [   0.30827] Starting _dsound_update thread
audio-dsound I           dsound.cpp:518  _dsound_start_voice              [   0.30833] Voice started
dtor     D               dtor.c:196  _al_register_destructor          [   0.30835] added dtor for sample_instance 0000000002cd39e0, func 00007ffddfae929b
audio    D          kcm_mixer.c:121  _al_rechannel_matrix             [   0.30836] sample matrix:
audio    D          kcm_mixer.c:127  _al_rechannel_matrix             [   0.30837] 
audio    D          kcm_mixer.c:127  _al_rechannel_matrix             [   0.30838] 
dtor     D               dtor.c:196  _al_register_destructor          [   0.30839] added dtor for sample_instance 0000000002cd3b00, func 00007ffddfae929b
audio    D          kcm_mixer.c:121  _al_rechannel_matrix             [   0.30840] sample matrix:
audio    D          kcm_mixer.c:127  _al_rechannel_matrix             [   0.30841] 
audio    D          kcm_mixer.c:127  _al_rechannel_matrix             [   0.30842] 
dtor     D               dtor.c:196  _al_register_destructor          [   0.30843] added dtor for sample_instance 0000000002cd3c20, func 00007ffddfae929b
audio    D          kcm_mixer.c:121  _al_rechannel_matrix             [   0.30844] sample matrix:
audio    D          kcm_mixer.c:127  _al_rechannel_matrix             [   0.30845] 
audio    D          kcm_mixer.c:127  _al_rechannel_matrix             [   0.30846] 
dtor     D               dtor.c:196  _al_register_destructor          [   0.30846] added dtor for sample_instance 0000000002cd3d40, func 00007ffddfae929b
audio    D          kcm_mixer.c:121  _al_rechannel_matrix             [   0.30847] sample matrix:
audio    D          kcm_mixer.c:127  _al_rechannel_matrix             [   0.30848] 
audio    D          kcm_mixer.c:127  _al_rechannel_matrix             [   0.30849] 
dtor     D               dtor.c:196  _al_register_destructor          [   0.30850] added dtor for sample_instance 0000000002cd4150, func 00007ffddfae929b
audio    D          kcm_mixer.c:121  _al_rechannel_matrix             [   0.30851] sample matrix:
audio    D          kcm_mixer.c:127  _al_rechannel_matrix             [   0.30852] 
audio    D          kcm_mixer.c:127  _al_rechannel_matrix             [   0.30853] 
dtor     D               dtor.c:196  _al_register_destructor          [   0.30854] added dtor for sample_instance 0000000002cd4270, func 00007ffddfae929b
audio    D          kcm_mixer.c:121  _al_rechannel_matrix             [   0.30855] sample matrix:
audio    D          kcm_mixer.c:127  _al_rechannel_matrix             [   0.30856] 
audio    D          kcm_mixer.c:127  _al_rechannel_matrix             [   0.30857] 
dtor     D               dtor.c:196  _al_register_destructor          [   0.30858] added dtor for sample_instance 0000000002cd44d0, func 00007ffddfae929b
audio    D          kcm_mixer.c:121  _al_rechannel_matrix             [   0.30859] sample matrix:
audio    D          kcm_mixer.c:127  _al_rechannel_matrix             [   0.30860] 
audio    D          kcm_mixer.c:127  _al_rechannel_matrix             [   0.30860] 
dtor     D               dtor.c:196  _al_register_destructor          [   0.30862] added dtor for sample_instance 0000000002cd37c0, func 00007ffddfae929b
audio    D          kcm_mixer.c:121  _al_rechannel_matrix             [   0.30869] sample matrix:
audio    D          kcm_mixer.c:127  _al_rechannel_matrix             [   0.30872] 
audio    D          kcm_mixer.c:127  _al_rechannel_matrix             [   0.30873] 
dtor     D               dtor.c:196  _al_register_destructor          [   0.30876] added dtor for sample_instance 0000000002cd45f0, func 00007ffddfae929b
audio    D          kcm_mixer.c:121  _al_rechannel_matrix             [   0.30877] sample matrix:
audio    D          kcm_mixer.c:127  _al_rechannel_matrix             [   0.30878] 
audio    D          kcm_mixer.c:127  _al_rechannel_matrix             [   0.30879] 
dtor     D               dtor.c:196  _al_register_destructor          [   0.30880] added dtor for sample_instance 0000000002cd4f20, func 00007ffddfae929b
audio    D          kcm_mixer.c:121  _al_rechannel_matrix             [   0.30881] sample matrix:
audio    D          kcm_mixer.c:127  _al_rechannel_matrix             [   0.30882] 
audio    D          kcm_mixer.c:127  _al_rechannel_matrix             [   0.30883] 
dtor     D               dtor.c:196  _al_register_destructor          [   0.30884] added dtor for sample_instance 0000000002cd5040, func 00007ffddfae929b
audio    D          kcm_mixer.c:121  _al_rechannel_matrix             [   0.30885] sample matrix:
audio    D          kcm_mixer.c:127  _al_rechannel_matrix             [   0.30886] 
audio    D          kcm_mixer.c:127  _al_rechannel_matrix             [   0.30887] 
dtor     D               dtor.c:196  _al_register_destructor          [   0.30888] added dtor for sample_instance 0000000002cd5160, func 00007ffddfae929b
audio    D          kcm_mixer.c:121  _al_rechannel_matrix             [   0.30889] sample matrix:
audio    D          kcm_mixer.c:127  _al_rechannel_matrix             [   0.30890] 
audio    D          kcm_mixer.c:127  _al_rechannel_matrix             [   0.30891] 
dtor     D               dtor.c:196  _al_register_destructor          [   0.30892] added dtor for sample_instance 0000000002cd5280, func 00007ffddfae929b
audio    D          kcm_mixer.c:121  _al_rechannel_matrix             [   0.30893] sample matrix:
audio    D          kcm_mixer.c:127  _al_rechannel_matrix             [   0.30894] 
audio    D          kcm_mixer.c:127  _al_rechannel_matrix             [   0.30894] 
dtor     D               dtor.c:196  _al_register_destructor          [   0.30896] added dtor for sample_instance 0000000002ce2970, func 00007ffddfae929b
audio    D          kcm_mixer.c:121  _al_rechannel_matrix             [   0.30897] sample matrix:
audio    D          kcm_mixer.c:127  _al_rechannel_matrix             [   0.30897] 
audio    D          kcm_mixer.c:127  _al_rechannel_matrix             [   0.30898] 
dtor     D               dtor.c:196  _al_register_destructor          [   0.30899] added dtor for sample_instance 0000000002ce2df0, func 00007ffddfae929b
audio    D          kcm_mixer.c:121  _al_rechannel_matrix             [   0.30900] sample matrix:
audio    D          kcm_mixer.c:127  _al_rechannel_matrix             [   0.30901] 
audio    D          kcm_mixer.c:127  _al_rechannel_matrix             [   0.30902] 
dtor     D               dtor.c:196  _al_register_destructor          [   0.30903] added dtor for sample_instance 0000000002ce24f0, func 00007ffddfae929b
audio    D          kcm_mixer.c:121  _al_rechannel_matrix             [   0.30904] sample matrix:
audio    D          kcm_mixer.c:127  _al_rechannel_matrix             [   0.30905] 
audio    D          kcm_mixer.c:127  _al_rechannel_matrix             [   0.30905] 
stdio    D         file_stdio.c:110  file_stdio_fopen                 [   0.30907] opening ./assets/font/Caviar_Dreams_Bold.ttf rb
font     D                ttf.c:943  al_load_ttf_font_stretch_f       [   0.30936] Font ./assets/font/Caviar_Dreams_Bold.ttf loaded with pixel size 0 x 12.
font     D                ttf.c:945  al_load_ttf_font_stretch_f       [   0.30937]     ascent=12.0, descent=-4.0, height=15.0
dtor     D               dtor.c:196  _al_register_destructor          [   0.30939] added dtor for ttf_font 0000000002cccde0, func 00007ffddfae4c05
stdio    D         file_stdio.c:110  file_stdio_fopen                 [   0.30940] opening ./assets/font/courbd.ttf rb
font     D                ttf.c:943  al_load_ttf_font_stretch_f       [   0.30967] Font ./assets/font/courbd.ttf loaded with pixel size 0 x 12.
font     D                ttf.c:945  al_load_ttf_font_stretch_f       [   0.30969]     ascent=10.0, descent=-4.0, height=14.0
dtor     D               dtor.c:196  _al_register_destructor          [   0.30971] added dtor for ttf_font 0000000002cce130, func 00007ffddfae4c05
stdio    D         file_stdio.c:110  file_stdio_fopen                 [   0.30972] opening ./assets/font/Caviar_Dreams_Bold.ttf rb
font     D                ttf.c:943  al_load_ttf_font_stretch_f       [   0.30986] Font ./assets/font/Caviar_Dreams_Bold.ttf loaded with pixel size 0 x 24.
font     D                ttf.c:945  al_load_ttf_font_stretch_f       [   0.30987]     ascent=24.0, descent=-7.0, height=30.0
dtor     D               dtor.c:196  _al_register_destructor          [   0.30988] added dtor for ttf_font 0000000002cce1f0, func 00007ffddfae4c05
stdio    D         file_stdio.c:110  file_stdio_fopen                 [   0.30989] opening ./assets/font/courbd.ttf rb
font     D                ttf.c:943  al_load_ttf_font_stretch_f       [   0.31003] Font ./assets/font/courbd.ttf loaded with pixel size 0 x 24.
font     D                ttf.c:945  al_load_ttf_font_stretch_f       [   0.31004]     ascent=20.0, descent=-8.0, height=27.0
dtor     D               dtor.c:196  _al_register_destructor          [   0.31005] added dtor for ttf_font 0000000002ccdb90, func 00007ffddfae4c05
stdio    D         file_stdio.c:110  file_stdio_fopen                 [   0.31006] opening ./assets/font/Caviar_Dreams_Bold.ttf rb
font     D                ttf.c:943  al_load_ttf_font_stretch_f       [   0.31016] Font ./assets/font/Caviar_Dreams_Bold.ttf loaded with pixel size 0 x 36.
font     D                ttf.c:945  al_load_ttf_font_stretch_f       [   0.31017]     ascent=36.0, descent=-11.0, height=46.0
dtor     D               dtor.c:196  _al_register_destructor          [   0.31018] added dtor for ttf_font 0000000002cce010, func 00007ffddfae4c05
stdio    D         file_stdio.c:110  file_stdio_fopen                 [   0.31019] opening ./assets/font/courbd.ttf rb
font     D                ttf.c:943  al_load_ttf_font_stretch_f       [   0.31032] Font ./assets/font/courbd.ttf loaded with pixel size 0 x 36.
font     D                ttf.c:945  al_load_ttf_font_stretch_f       [   0.31033]     ascent=30.0, descent=-11.0, height=41.0
dtor     D               dtor.c:196  _al_register_destructor          [   0.31034] added dtor for ttf_font 0000000002ccd890, func 00007ffddfae4c05
stdio    D         file_stdio.c:110  file_stdio_fopen                 [   0.31037] opening ./assets/image/love.png rb
stdio    D         file_stdio.c:110  file_stdio_fopen                 [   0.31046] opening ./assets/image/love.png rb
d3d      D         d3d_disp.cpp:1202 real_choose_bitmap_format        [   0.31054] Fake format
d3d      D         d3d_disp.cpp:1202 real_choose_bitmap_format        [   0.31056] Fake format
d3d      D         d3d_disp.cpp:1202 real_choose_bitmap_format        [   0.31056] Fake format
d3d      D         d3d_disp.cpp:1202 real_choose_bitmap_format        [   0.31057] Fake format
d3d      D         d3d_disp.cpp:1202 real_choose_bitmap_format        [   0.31058] Fake format
d3d      D         d3d_disp.cpp:1202 real_choose_bitmap_format        [   0.31059] Fake format
d3d      D         d3d_disp.cpp:1202 real_choose_bitmap_format        [   0.31060] Fake format
d3d      D         d3d_disp.cpp:1202 real_choose_bitmap_format        [   0.31061] Fake format
d3d      D         d3d_disp.cpp:1202 real_choose_bitmap_format        [   0.31062] Fake format
d3d      D         d3d_disp.cpp:1210 real_choose_bitmap_format        [   0.31063] Alpha doesn't match
d3d      D         d3d_disp.cpp:1217 real_choose_bitmap_format        [   0.31064] Adapter format is 23
d3d      D         d3d_disp.cpp:1220 real_choose_bitmap_format        [   0.31067] Found a format
d3d      I         d3d_disp.cpp:2391 d3d_create_bitmap                [   0.31068] Chose bitmap format 9
dtor     D               dtor.c:196  _al_register_destructor          [   0.31098] added dtor for bitmap 000000000dee4d50, func 00007ffddf9c1bea
stdio    D         file_stdio.c:110  file_stdio_fopen                 [   0.31113] opening ./assets/image/tower/Arcane_Menu.png rb
stdio    D         file_stdio.c:110  file_stdio_fopen                 [   0.31124] opening ./assets/image/tower/Arcane_Menu.png rb
d3d      D         d3d_disp.cpp:1202 real_choose_bitmap_format        [   0.31130] Fake format
d3d      D         d3d_disp.cpp:1202 real_choose_bitmap_format        [   0.31131] Fake format
d3d      D         d3d_disp.cpp:1202 real_choose_bitmap_format        [   0.31132] Fake format
d3d      D         d3d_disp.cpp:1202 real_choose_bitmap_format        [   0.31133] Fake format
d3d      D         d3d_disp.cpp:1202 real_choose_bitmap_format        [   0.31134] Fake format
d3d      D         d3d_disp.cpp:1202 real_choose_bitmap_format        [   0.31135] Fake format
d3d      D         d3d_disp.cpp:1202 real_choose_bitmap_format        [   0.31136] Fake format
d3d      D         d3d_disp.cpp:1202 real_choose_bitmap_format        [   0.31137] Fake format
d3d      D         d3d_disp.cpp:1202 real_choose_bitmap_format        [   0.31137] Fake format
d3d      D         d3d_disp.cpp:1210 real_choose_bitmap_format        [   0.31138] Alpha doesn't match
d3d      D         d3d_disp.cpp:1217 real_choose_bitmap_format        [   0.31139] Adapter format is 23
d3d      D         d3d_disp.cpp:1220 real_choose_bitmap_format        [   0.31140] Found a format
d3d      I         d3d_disp.cpp:2391 d3d_create_bitmap                [   0.31141] Chose bitmap format 9
dtor     D               dtor.c:196  _al_register_destructor          [   0.31166] added dtor for bitmap 000000000dee4b90, func 00007ffddf9c1bea
stdio    D         file_stdio.c:110  file_stdio_fopen                 [   0.31202] opening ./assets/image/tower/Archer_Menu.png rb
stdio    D         file_stdio.c:110  file_stdio_fopen                 [   0.31215] opening ./assets/image/tower/Archer_Menu.png rb
d3d      D         d3d_disp.cpp:1202 real_choose_bitmap_format        [   0.31221] Fake format
d3d      D         d3d_disp.cpp:1202 real_choose_bitmap_format        [   0.31222] Fake format
d3d      D         d3d_disp.cpp:1202 real_choose_bitmap_format        [   0.31223] Fake format
d3d      D         d3d_disp.cpp:1202 real_choose_bitmap_format        [   0.31224] Fake format
d3d      D         d3d_disp.cpp:1202 real_choose_bitmap_format        [   0.31225] Fake format
d3d      D         d3d_disp.cpp:1202 real_choose_bitmap_format        [   0.31226] Fake format
d3d      D         d3d_disp.cpp:1202 real_choose_bitmap_format        [   0.31226] Fake format
d3d      D         d3d_disp.cpp:1202 real_choose_bitmap_format        [   0.31227] Fake format
d3d      D         d3d_disp.cpp:1202 real_choose_bitmap_format        [   0.31228] Fake format
d3d      D         d3d_disp.cpp:1210 real_choose_bitmap_format        [   0.31229] Alpha doesn't match
d3d      D         d3d_disp.cpp:1217 real_choose_bitmap_format        [   0.31230] Adapter format is 23
d3d      D         d3d_disp.cpp:1220 real_choose_bitmap_format        [   0.31231] Found a format
d3d      I         d3d_disp.cpp:2391 d3d_create_bitmap                [   0.31232] Chose bitmap format 9
dtor     D               dtor.c:196  _al_register_destructor          [   0.31253] added dtor for bitmap 000000000dee7870, func 00007ffddf9c1bea
stdio    D         file_stdio.c:110  file_stdio_fopen                 [   0.31284] opening ./assets/image/tower/Canon_Menu.png rb
stdio    D         file_stdio.c:110  file_stdio_fopen                 [   0.31293] opening ./assets/image/tower/Canon_Menu.png rb
d3d      D         d3d_disp.cpp:1202 real_choose_bitmap_format        [   0.31298] Fake format
d3d      D         d3d_disp.cpp:1202 real_choose_bitmap_format        [   0.31299] Fake format
d3d      D         d3d_disp.cpp:1202 real_choose_bitmap_format        [   0.31300] Fake format
d3d      D         d3d_disp.cpp:1202 real_choose_bitmap_format        [   0.31301] Fake format
d3d      D         d3d_disp.cpp:1202 real_choose_bitmap_format        [   0.31302] Fake format
d3d      D         d3d_disp.cpp:1202 real_choose_bitmap_format        [   0.31303] Fake format
d3d      D         d3d_disp.cpp:1202 real_choose_bitmap_format        [   0.31303] Fake format
d3d      D         d3d_disp.cpp:1202 real_choose_bitmap_format        [   0.31304] Fake format
d3d      D         d3d_disp.cpp:1202 real_choose_bitmap_format        [   0.31305] Fake format
d3d      D         d3d_disp.cpp:1210 real_choose_bitmap_format        [   0.31306] Alpha doesn't match
d3d      D         d3d_disp.cpp:1217 real_choose_bitmap_format        [   0.31307] Adapter format is 23
d3d      D         d3d_disp.cpp:1220 real_choose_bitmap_format        [   0.31308] Found a format
d3d      I         d3d_disp.cpp:2391 d3d_create_bitmap                [   0.31309] Chose bitmap format 9
dtor     D               dtor.c:196  _al_register_destructor          [   0.31324] added dtor for bitmap 000000000deea140, func 00007ffddf9c1bea
stdio    D         file_stdio.c:110  file_stdio_fopen                 [   0.31379] opening ./assets/image/tower/Poison_Menu.png rb
stdio    D         file_stdio.c:110  file_stdio_fopen                 [   0.31389] opening ./assets/image/tower/Poison_Menu.png rb
d3d      D         d3d_disp.cpp:1202 real_choose_bitmap_format        [   0.31394] Fake format
d3d      D         d3d_disp.cpp:1202 real_choose_bitmap_format        [   0.31395] Fake format
d3d      D         d3d_disp.cpp:1202 real_choose_bitmap_format        [   0.31396] Fake format
d3d      D         d3d_disp.cpp:1202 real_choose_bitmap_format        [   0.31397] Fake format
d3d      D         d3d_disp.cpp:1202 real_choose_bitmap_format        [   0.31398] Fake format
d3d      D         d3d_disp.cpp:1202 real_choose_bitmap_format        [   0.31399] Fake format
d3d      D         d3d_disp.cpp:1202 real_choose_bitmap_format        [   0.31400] Fake format
d3d      D         d3d_disp.cpp:1202 real_choose_bitmap_format        [   0.31401] Fake format
d3d      D         d3d_disp.cpp:1202 real_choose_bitmap_format        [   0.31402] Fake format
d3d      D         d3d_disp.cpp:1210 real_choose_bitmap_format        [   0.31402] Alpha doesn't match
d3d      D         d3d_disp.cpp:1217 real_choose_bitmap_format        [   0.31403] Adapter format is 23
d3d      D         d3d_disp.cpp:1220 real_choose_bitmap_format        [   0.31405] Found a format
d3d      I         d3d_disp.cpp:2391 d3d_create_bitmap                [   0.31406] Chose bitmap format 9
dtor     D               dtor.c:196  _al_register_destructor          [   0.31425] added dtor for bitmap 000000000deeca10, func 00007ffddf9c1bea
stdio    D         file_stdio.c:110  file_stdio_fopen                 [   0.31456] opening ./assets/image/tower/Storm_Menu.png rb
stdio    D         file_stdio.c:110  file_stdio_fopen                 [   0.31468] opening ./assets/image/tower/Storm_Menu.png rb
d3d      D         d3d_disp.cpp:1202 real_choose_bitmap_format        [   0.31474] Fake format
d3d      D         d3d_disp.cpp:1202 real_choose_bitmap_format        [   0.31475] Fake format
d3d      D         d3d_disp.cpp:1202 real_choose_bitmap_format        [   0.31476] Fake format
d3d      D         d3d_disp.cpp:1202 real_choose_bitmap_format        [   0.31477] Fake format
d3d      D         d3d_disp.cpp:1202 real_choose_bitmap_format        [   0.31478] Fake format
d3d      D         d3d_disp.cpp:1202 real_choose_bitmap_format        [   0.31479] Fake format
d3d      D         d3d_disp.cpp:1202 real_choose_bitmap_format        [   0.31486] Fake format
d3d      D         d3d_disp.cpp:1202 real_choose_bitmap_format        [   0.31488] Fake format
d3d      D         d3d_disp.cpp:1202 real_choose_bitmap_format        [   0.31489] Fake format
d3d      D         d3d_disp.cpp:1210 real_choose_bitmap_format        [   0.31490] Alpha doesn't match
d3d      D         d3d_disp.cpp:1217 real_choose_bitmap_format        [   0.31491] Adapter format is 23
d3d      D         d3d_disp.cpp:1220 real_choose_bitmap_format        [   0.31492] Found a format
d3d      I         d3d_disp.cpp:2391 d3d_create_bitmap                [   0.31493] Chose bitmap format 9
dtor     D               dtor.c:196  _al_register_destructor          [   0.31523] added dtor for bitmap 000000000deef2e0, func 00007ffddf9c1bea
stdio    D         file_stdio.c:110  file_stdio_fopen                 [   0.31724] opening ./assets/image/StartBackground.jpg rb
stdio    D         file_stdio.c:110  file_stdio_fopen                 [   0.31742] opening ./assets/image/StartBackground.jpg rb
d3d      D         d3d_disp.cpp:1202 real_choose_bitmap_format        [   0.31754] Fake format
d3d      D         d3d_disp.cpp:1202 real_choose_bitmap_format        [   0.31755] Fake format
d3d      D         d3d_disp.cpp:1202 real_choose_bitmap_format        [   0.31756] Fake format
d3d      D         d3d_disp.cpp:1202 real_choose_bitmap_format        [   0.31757] Fake format
d3d      D         d3d_disp.cpp:1202 real_choose_bitmap_format        [   0.31758] Fake format
d3d      D         d3d_disp.cpp:1202 real_choose_bitmap_format        [   0.31759] Fake format
d3d      D         d3d_disp.cpp:1202 real_choose_bitmap_format        [   0.31760] Fake format
d3d      D         d3d_disp.cpp:1202 real_choose_bitmap_format        [   0.31760] Fake format
d3d      D         d3d_disp.cpp:1202 real_choose_bitmap_format        [   0.31761] Fake format
d3d      D         d3d_disp.cpp:1210 real_choose_bitmap_format        [   0.31762] Alpha doesn't match
d3d      D         d3d_disp.cpp:1217 real_choose_bitmap_format        [   0.31763] Adapter format is 23
d3d      D         d3d_disp.cpp:1220 real_choose_bitmap_format        [   0.31764] Found a format
d3d      I         d3d_disp.cpp:2391 d3d_create_bitmap                [   0.31765] Chose bitmap format 9
dtor     D               dtor.c:196  _al_register_destructor          [   0.31788] added dtor for bitmap 000000000dee4770, func 00007ffddf9c1bea
stdio    D         file_stdio.c:110  file_stdio_fopen                 [   0.33411] opening ./assets/image/get.png rb
stdio    D         file_stdio.c:110  file_stdio_fopen                 [   0.33431] opening ./assets/image/get.png rb
d3d      D         d3d_disp.cpp:1202 real_choose_bitmap_format        [   0.33444] Fake format
d3d      D         d3d_disp.cpp:1202 real_choose_bitmap_format        [   0.33448] Fake format
d3d      D         d3d_disp.cpp:1202 real_choose_bitmap_format        [   0.33449] Fake format
d3d      D         d3d_disp.cpp:1202 real_choose_bitmap_format        [   0.33450] Fake format
d3d      D         d3d_disp.cpp:1202 real_choose_bitmap_format        [   0.33451] Fake format
d3d      D         d3d_disp.cpp:1202 real_choose_bitmap_format        [   0.33452] Fake format
d3d      D         d3d_disp.cpp:1202 real_choose_bitmap_format        [   0.33453] Fake format
d3d      D         d3d_disp.cpp:1202 real_choose_bitmap_format        [   0.33454] Fake format
d3d      D         d3d_disp.cpp:1202 real_choose_bitmap_format        [   0.33454] Fake format
d3d      D         d3d_disp.cpp:1210 real_choose_bitmap_format        [   0.33455] Alpha doesn't match
d3d      D         d3d_disp.cpp:1217 real_choose_bitmap_format        [   0.33456] Adapter format is 23
d3d      D         d3d_disp.cpp:1220 real_choose_bitmap_format        [   0.33457] Found a format
d3d      I         d3d_disp.cpp:2391 d3d_create_bitmap                [   0.33458] Chose bitmap format 9
dtor     D               dtor.c:196  _al_register_destructor          [   0.33499] added dtor for bitmap 000000000dee2f90, func 00007ffddf9c1bea
stdio    D         file_stdio.c:110  file_stdio_fopen                 [   0.42782] opening ./assets/sound/growl.wav rb
wav      I                wav.c:124  wav_open                         [   0.42804] Ignoring chunk: LIST
wav      E                wav.c:121  wav_open                         [   0.42807] Bad RIFF type.
dtor     D               dtor.c:196  _al_register_destructor          [   0.42810] added dtor for sample 0000000002cce2e0, func 00007ffddfaf1a1d
dtor     D               dtor.c:196  _al_register_destructor          [   0.42828] added dtor for sample_instance 0000000002ce2610, func 00007ffddfae929b
audio    D          kcm_mixer.c:121  _al_rechannel_matrix             [   0.42832] sample matrix:
audio    D          kcm_mixer.c:127  _al_rechannel_matrix             [   0.42833]  0.707107 0.000000
audio    D          kcm_mixer.c:127  _al_rechannel_matrix             [   0.42835]  0.000000 0.707107
d3d      D          d3d_bmp.cpp:539  _al_d3d_sync_bitmap              [   0.44236] _al_d3d_sync_bitmap (system) ref count == 1
d3d      D          d3d_bmp.cpp:545  _al_d3d_sync_bitmap              [   0.44245] _al_d3d_sync_bitmap (video) ref count == 1
d3d      D          d3d_bmp.cpp:539  _al_d3d_sync_bitmap              [   0.45411] _al_d3d_sync_bitmap (system) ref count == 1
d3d      D          d3d_bmp.cpp:545  _al_d3d_sync_bitmap              [   0.45420] _al_d3d_sync_bitmap (video) ref count == 1
d3d      D          d3d_bmp.cpp:539  _al_d3d_sync_bitmap              [   0.45556] _al_d3d_sync_bitmap (system) ref count == 1
d3d      D          d3d_bmp.cpp:545  _al_d3d_sync_bitmap              [   0.45561] _al_d3d_sync_bitmap (video) ref count == 1
d3d      D          d3d_bmp.cpp:539  _al_d3d_sync_bitmap              [   0.45636] _al_d3d_sync_bitmap (system) ref count == 1
d3d      D          d3d_bmp.cpp:545  _al_d3d_sync_bitmap              [   0.45640] _al_d3d_sync_bitmap (video) ref count == 1
d3d      D          d3d_bmp.cpp:539  _al_d3d_sync_bitmap              [   0.45693] _al_d3d_sync_bitmap (system) ref count == 1
d3d      D          d3d_bmp.cpp:545  _al_d3d_sync_bitmap              [   0.45698] _al_d3d_sync_bitmap (video) ref count == 1
d3d      D          d3d_bmp.cpp:539  _al_d3d_sync_bitmap              [   0.45743] _al_d3d_sync_bitmap (system) ref count == 1
d3d      D          d3d_bmp.cpp:545  _al_d3d_sync_bitmap              [   0.45749] _al_d3d_sync_bitmap (video) ref count == 1
d3d      D          d3d_bmp.cpp:539  _al_d3d_sync_bitmap              [   0.45808] _al_d3d_sync_bitmap (system) ref count == 1
d3d      D          d3d_bmp.cpp:545  _al_d3d_sync_bitmap              [   0.45812] _al_d3d_sync_bitmap (video) ref count == 1
d3d      D          d3d_bmp.cpp:539  _al_d3d_sync_bitmap              [   0.45940] _al_d3d_sync_bitmap (system) ref count == 1
d3d      D          d3d_bmp.cpp:545  _al_d3d_sync_bitmap              [   0.45944] _al_d3d_sync_bitmap (video) ref count == 1
d3d      D          d3d_bmp.cpp:539  _al_d3d_sync_bitmap              [   0.46892] _al_d3d_sync_bitmap (system) ref count == 1
d3d      D          d3d_bmp.cpp:545  _al_d3d_sync_bitmap              [   0.46900] _al_d3d_sync_bitmap (video) ref count == 1
d3d      D         d3d_disp.cpp:1202 real_choose_bitmap_format        [   2.58973] Fake format
d3d      D         d3d_disp.cpp:1202 real_choose_bitmap_format        [   2.58981] Fake format
d3d      D         d3d_disp.cpp:1202 real_choose_bitmap_format        [   2.58982] Fake format
d3d      D         d3d_disp.cpp:1202 real_choose_bitmap_format        [   2.58984] Fake format
d3d      D         d3d_disp.cpp:1202 real_choose_bitmap_format        [   2.58986] Fake format
d3d      D         d3d_disp.cpp:1202 real_choose_bitmap_format        [   2.58987] Fake format
d3d      D         d3d_disp.cpp:1202 real_choose_bitmap_format        [   2.58989] Fake format
d3d      D         d3d_disp.cpp:1202 real_choose_bitmap_format        [   2.58991] Fake format
d3d      D         d3d_disp.cpp:1202 real_choose_bitmap_format        [   2.58993] Fake format
d3d      D         d3d_disp.cpp:1210 real_choose_bitmap_format        [   2.58995] Alpha doesn't match
d3d      D         d3d_disp.cpp:1217 real_choose_bitmap_format        [   2.58996] Adapter format is 23
d3d      D         d3d_disp.cpp:1220 real_choose_bitmap_format        [   2.58998] Found a format
d3d      I         d3d_disp.cpp:2391 d3d_create_bitmap                [   2.59000] Chose bitmap format 9
font     D                ttf.c:243  alloc_glyph_region               [   2.59079] Glyph 70: 15x13 (16x16)
font     D                ttf.c:287  alloc_glyph_region               [   2.59086] Locking glyph region: 000000000df3ae80 0 0 16 16
font     D                ttf.c:167  unlock_current_page              [   2.59165] Unlocking page: 000000000df3ae80
font     D                ttf.c:243  alloc_glyph_region               [   2.59178] Glyph 82: 15x13 (16x16)
font     D                ttf.c:287  alloc_glyph_region               [   2.59181] Locking glyph region: 000000000df3ae80 16 0 16 16
font     D                ttf.c:167  unlock_current_page              [   2.59185] Unlocking page: 000000000df3ae80
font     D                ttf.c:243  alloc_glyph_region               [   2.59198] Glyph 76: 14x17 (16x20)
font     D                ttf.c:287  alloc_glyph_region               [   2.59200] Locking glyph region: 000000000df3ae80 32 0 16 20
font     D                ttf.c:167  unlock_current_page              [   2.59204] Unlocking page: 000000000df3ae80
font     D                ttf.c:243  alloc_glyph_region               [   2.59215] Glyph 81: 16x13 (16x16)
font     D                ttf.c:287  alloc_glyph_region               [   2.59217] Locking glyph region: 000000000df3ae80 48 0 16 16
font     D                ttf.c:167  unlock_current_page              [   2.59220] Unlocking page: 000000000df3ae80
font     D                ttf.c:243  alloc_glyph_region               [   2.59225] Glyph 29: 7x13 (8x16)
font     D                ttf.c:287  alloc_glyph_region               [   2.59226] Locking glyph region: 000000000df3ae80 64 0 8 16
font     D                ttf.c:167  unlock_current_page              [   2.59229] Unlocking page: 000000000df3ae80
font     D                ttf.c:446  cache_glyph                      [   2.59232] Glyph 3 has zero size.
font     D                ttf.c:243  alloc_glyph_region               [   2.59239] Glyph 20: 14x17 (16x20)
font     D                ttf.c:287  alloc_glyph_region               [   2.59240] Locking glyph region: 000000000df3ae80 72 0 16 20
font     D                ttf.c:167  unlock_current_page              [   2.59295] Unlocking page: 000000000df3ae80
font     D                ttf.c:243  alloc_glyph_region               [   2.59309] Glyph 19: 14x17 (16x20)
font     D                ttf.c:287  alloc_glyph_region               [   2.59311] Locking glyph region: 000000000df3ae80 88 0 16 20
font     D                ttf.c:167  unlock_current_page              [   2.59317] Unlocking page: 000000000df3ae80
font     D                ttf.c:243  alloc_glyph_region               [   2.59345] Glyph 24: 14x17 (16x20)
font     D                ttf.c:287  alloc_glyph_region               [   2.59347] Locking glyph region: 000000000df3ae80 104 0 16 20
font     D                ttf.c:167  unlock_current_page              [   2.59461] Unlocking page: 000000000df3ae80
font     D                ttf.c:243  alloc_glyph_region               [   2.59483] Glyph 21: 14x17 (16x20)
font     D                ttf.c:287  alloc_glyph_region               [   2.59485] Locking glyph region: 000000000df3ae80 120 0 16 20
font     D                ttf.c:167  unlock_current_page              [   2.59510] Unlocking page: 000000000df3ae80
d3d      D          d3d_bmp.cpp:539  _al_d3d_sync_bitmap              [   2.59633] _al_d3d_sync_bitmap (system) ref count == 1
d3d      D          d3d_bmp.cpp:545  _al_d3d_sync_bitmap              [   2.59638] _al_d3d_sync_bitmap (video) ref count == 1
stdio    D         file_stdio.c:110  file_stdio_fopen                 [   2.60046] opening ./assets/sound/menu.mp3 rb
dtor     D               dtor.c:196  _al_register_destructor          [   3.04777] added dtor for sample 0000000002ccde00, func 00007ffddfaf1a1d
dtor     D               dtor.c:196  _al_register_destructor          [   3.04785] added dtor for sample_instance 0000000002ce2730, func 00007ffddfae929b
audio    D          kcm_mixer.c:121  _al_rechannel_matrix             [   3.04787] sample matrix:
audio    D          kcm_mixer.c:127  _al_rechannel_matrix             [   3.04788]  0.707107 0.000000
audio    D          kcm_mixer.c:127  _al_rechannel_matrix             [   3.04789]  0.000000 0.707107
dtor     D               dtor.c:227  _al_unregister_destructor        [   3.44598] removed dtor for sample_instance 0000000002ce2610
stdio    D         file_stdio.c:110  file_stdio_fopen                 [   7.37850] opening ./assets/image/song.png rb
stdio    D         file_stdio.c:110  file_stdio_fopen                 [   7.37891] opening ./assets/image/song.png rb
d3d      D         d3d_disp.cpp:1202 real_choose_bitmap_format        [   7.37919] Fake format
d3d      D         d3d_disp.cpp:1202 real_choose_bitmap_format        [   7.37923] Fake format
d3d      D         d3d_disp.cpp:1202 real_choose_bitmap_format        [   7.37925] Fake format
d3d      D         d3d_disp.cpp:1202 real_choose_bitmap_format        [   7.37928] Fake format
d3d      D         d3d_disp.cpp:1202 real_choose_bitmap_format        [   7.37930] Fake format
d3d      D         d3d_disp.cpp:1202 real_choose_bitmap_format        [   7.37932] Fake format
d3d      D         d3d_disp.cpp:1202 real_choose_bitmap_format        [   7.37935] Fake format
d3d      D         d3d_disp.cpp:1202 real_choose_bitmap_format        [   7.37937] Fake format
d3d      D         d3d_disp.cpp:1202 real_choose_bitmap_format        [   7.37940] Fake format
d3d      D         d3d_disp.cpp:1210 real_choose_bitmap_format        [   7.37942] Alpha doesn't match
d3d      D         d3d_disp.cpp:1217 real_choose_bitmap_format        [   7.37945] Adapter format is 23
d3d      D         d3d_disp.cpp:1220 real_choose_bitmap_format        [   7.37948] Found a format
d3d      I         d3d_disp.cpp:2391 d3d_create_bitmap                [   7.37954] Chose bitmap format 9
dtor     D               dtor.c:196  _al_register_destructor          [   7.38031] added dtor for bitmap 000000000df7b040, func 00007ffddf9c1bea
stdio    D         file_stdio.c:110  file_stdio_fopen                 [   7.48698] opening ./assets/gif/Character/character_left.gif rb
d3d      D         d3d_disp.cpp:1202 real_choose_bitmap_format        [   7.48846] Fake format
d3d      D         d3d_disp.cpp:1202 real_choose_bitmap_format        [   7.48849] Fake format
d3d      D         d3d_disp.cpp:1202 real_choose_bitmap_format        [   7.48850] Fake format
d3d      D         d3d_disp.cpp:1202 real_choose_bitmap_format        [   7.48851] Fake format
d3d      D         d3d_disp.cpp:1202 real_choose_bitmap_format        [   7.48853] Fake format
d3d      D         d3d_disp.cpp:1202 real_choose_bitmap_format        [   7.48854] Fake format
d3d      D         d3d_disp.cpp:1202 real_choose_bitmap_format        [   7.48855] Fake format
d3d      D         d3d_disp.cpp:1202 real_choose_bitmap_format        [   7.48856] Fake format
d3d      D         d3d_disp.cpp:1202 real_choose_bitmap_format        [   7.48858] Fake format
d3d      D         d3d_disp.cpp:1210 real_choose_bitmap_format        [   7.48859] Alpha doesn't match
d3d      D         d3d_disp.cpp:1217 real_choose_bitmap_format        [   7.48860] Adapter format is 23
d3d      D         d3d_disp.cpp:1220 real_choose_bitmap_format        [   7.48862] Found a format
d3d      I         d3d_disp.cpp:2391 d3d_create_bitmap                [   7.48863] Chose bitmap format 9
dtor     D               dtor.c:196  _al_register_destructor          [   7.48917] added dtor for bitmap 000000000df7dab0, func 00007ffddf9c1bea
d3d      D         d3d_disp.cpp:1202 real_choose_bitmap_format        [   7.52454] Fake format
d3d      D         d3d_disp.cpp:1202 real_choose_bitmap_format        [   7.52460] Fake format
d3d      D         d3d_disp.cpp:1202 real_choose_bitmap_format        [   7.52461] Fake format
d3d      D         d3d_disp.cpp:1202 real_choose_bitmap_format        [   7.52462] Fake format
d3d      D         d3d_disp.cpp:1202 real_choose_bitmap_format        [   7.52463] Fake format
d3d      D         d3d_disp.cpp:1202 real_choose_bitmap_format        [   7.52464] Fake format
d3d      D         d3d_disp.cpp:1202 real_choose_bitmap_format        [   7.52465] Fake format
d3d      D         d3d_disp.cpp:1202 real_choose_bitmap_format        [   7.52466] Fake format
d3d      D         d3d_disp.cpp:1202 real_choose_bitmap_format        [   7.52467] Fake format
d3d      D         d3d_disp.cpp:1210 real_choose_bitmap_format        [   7.52468] Alpha doesn't match
d3d      D         d3d_disp.cpp:1217 real_choose_bitmap_format        [   7.52469] Adapter format is 23
d3d      D         d3d_disp.cpp:1220 real_choose_bitmap_format        [   7.52470] Found a format
d3d      I         d3d_disp.cpp:2391 d3d_create_bitmap                [   7.52471] Chose bitmap format 9
dtor     D               dtor.c:196  _al_register_destructor          [   7.52512] added dtor for bitmap 000000000df7e170, func 00007ffddf9c1bea
d3d      D          d3d_bmp.cpp:539  _al_d3d_sync_bitmap              [   7.55291] _al_d3d_sync_bitmap (system) ref count == 1
d3d      D          d3d_bmp.cpp:545  _al_d3d_sync_bitmap              [   7.55296] _al_d3d_sync_bitmap (video) ref count == 1
d3d      D          d3d_bmp.cpp:539  _al_d3d_sync_bitmap              [   7.56321] _al_d3d_sync_bitmap (system) ref count == 1
d3d      D          d3d_bmp.cpp:545  _al_d3d_sync_bitmap              [   7.56330] _al_d3d_sync_bitmap (video) ref count == 1
d3d      D          d3d_bmp.cpp:539  _al_d3d_sync_bitmap              [   7.56479] _al_d3d_sync_bitmap (system) ref count == 1
d3d      D          d3d_bmp.cpp:545  _al_d3d_sync_bitmap              [   7.56483] _al_d3d_sync_bitmap (video) ref count == 1
d3d      I         d3d_disp.cpp:915  d3d_destroy_display              [  16.19299] destroying display 000000000146b5f0 (current 0000000000000000)
bitmap   D        bitmap_type.c:308  _al_convert_to_memory_bitmap     [  16.19979] converting display bitmap 000000000df7e170 to memory bitmap
dtor     D               dtor.c:196  _al_register_destructor          [  16.20000] added dtor for bitmap 000000000df7d3f0, func 00007ffddf9c1bea
d3d      D          d3d_bmp.cpp:539  _al_d3d_sync_bitmap              [  16.20006] _al_d3d_sync_bitmap (system) ref count == 1
d3d      D          d3d_bmp.cpp:545  _al_d3d_sync_bitmap              [  16.20008] _al_d3d_sync_bitmap (video) ref count == 1
dtor     D               dtor.c:227  _al_unregister_destructor        [  16.20243] removed dtor for bitmap 000000000df7d3f0
bitmap   D        bitmap_type.c:308  _al_convert_to_memory_bitmap     [  16.20325] converting display bitmap 000000000df7dab0 to memory bitmap
dtor     D               dtor.c:196  _al_register_destructor          [  16.20335] added dtor for bitmap 000000000df7d3f0, func 00007ffddf9c1bea
d3d      D          d3d_bmp.cpp:539  _al_d3d_sync_bitmap              [  16.20343] _al_d3d_sync_bitmap (system) ref count == 1
d3d      D          d3d_bmp.cpp:545  _al_d3d_sync_bitmap              [  16.20346] _al_d3d_sync_bitmap (video) ref count == 1
dtor     D               dtor.c:227  _al_unregister_destructor        [  16.20471] removed dtor for bitmap 000000000df7d3f0
bitmap   D        bitmap_type.c:308  _al_convert_to_memory_bitmap     [  16.20534] converting display bitmap 000000000df7b040 to memory bitmap
dtor     D               dtor.c:196  _al_register_destructor          [  16.20544] added dtor for bitmap 000000000df7dc60, func 00007ffddf9c1bea
d3d      D          d3d_bmp.cpp:539  _al_d3d_sync_bitmap              [  16.20548] _al_d3d_sync_bitmap (system) ref count == 1
d3d      D          d3d_bmp.cpp:545  _al_d3d_sync_bitmap              [  16.20551] _al_d3d_sync_bitmap (video) ref count == 1
dtor     D               dtor.c:227  _al_unregister_destructor        [  16.21816] removed dtor for bitmap 000000000df7dc60
bitmap   D        bitmap_type.c:308  _al_convert_to_memory_bitmap     [  16.22092] converting display bitmap 000000000df3ae80 to memory bitmap
dtor     D               dtor.c:196  _al_register_destructor          [  16.22099] added dtor for bitmap 000000000df7dc60, func 00007ffddf9c1bea
d3d      D          d3d_bmp.cpp:539  _al_d3d_sync_bitmap              [  16.22105] _al_d3d_sync_bitmap (system) ref count == 1
d3d      D          d3d_bmp.cpp:545  _al_d3d_sync_bitmap              [  16.22107] _al_d3d_sync_bitmap (video) ref count == 1
dtor     D               dtor.c:227  _al_unregister_destructor        [  16.22259] removed dtor for bitmap 000000000df7dc60
bitmap   D        bitmap_type.c:308  _al_convert_to_memory_bitmap     [  16.22332] converting display bitmap 000000000dee2f90 to memory bitmap
dtor     D               dtor.c:196  _al_register_destructor          [  16.22340] added dtor for bitmap 000000000df7d5a0, func 00007ffddf9c1bea
d3d      D          d3d_bmp.cpp:539  _al_d3d_sync_bitmap              [  16.22343] _al_d3d_sync_bitmap (system) ref count == 1
d3d      D          d3d_bmp.cpp:545  _al_d3d_sync_bitmap              [  16.22345] _al_d3d_sync_bitmap (video) ref count == 1
dtor     D               dtor.c:227  _al_unregister_destructor        [  16.23248] removed dtor for bitmap 000000000df7d5a0
bitmap   D        bitmap_type.c:308  _al_convert_to_memory_bitmap     [  16.23491] converting display bitmap 000000000dee4770 to memory bitmap
dtor     D               dtor.c:196  _al_register_destructor          [  16.23497] added dtor for bitmap 000000000df7d3f0, func 00007ffddf9c1bea
d3d      D          d3d_bmp.cpp:539  _al_d3d_sync_bitmap              [  16.23500] _al_d3d_sync_bitmap (system) ref count == 1
d3d      D          d3d_bmp.cpp:545  _al_d3d_sync_bitmap              [  16.23501] _al_d3d_sync_bitmap (video) ref count == 1
dtor     D               dtor.c:227  _al_unregister_destructor        [  16.24340] removed dtor for bitmap 000000000df7d3f0
bitmap   D        bitmap_type.c:308  _al_convert_to_memory_bitmap     [  16.24557] converting display bitmap 000000000deef2e0 to memory bitmap
dtor     D               dtor.c:196  _al_register_destructor          [  16.24563] added dtor for bitmap 000000000df7d3f0, func 00007ffddf9c1bea
d3d      D          d3d_bmp.cpp:539  _al_d3d_sync_bitmap              [  16.24566] _al_d3d_sync_bitmap (system) ref count == 1
d3d      D          d3d_bmp.cpp:545  _al_d3d_sync_bitmap              [  16.24568] _al_d3d_sync_bitmap (video) ref count == 1
dtor     D               dtor.c:227  _al_unregister_destructor        [  16.24695] removed dtor for bitmap 000000000df7d3f0
bitmap   D        bitmap_type.c:308  _al_convert_to_memory_bitmap     [  16.24744] converting display bitmap 000000000deeca10 to memory bitmap
dtor     D               dtor.c:196  _al_register_destructor          [  16.24752] added dtor for bitmap 000000000df7d750, func 00007ffddf9c1bea
d3d      D          d3d_bmp.cpp:539  _al_d3d_sync_bitmap              [  16.24754] _al_d3d_sync_bitmap (system) ref count == 1
d3d      D          d3d_bmp.cpp:545  _al_d3d_sync_bitmap              [  16.24756] _al_d3d_sync_bitmap (video) ref count == 1
dtor     D               dtor.c:227  _al_unregister_destructor        [  16.24809] removed dtor for bitmap 000000000df7d750
bitmap   D        bitmap_type.c:308  _al_convert_to_memory_bitmap     [  16.24846] converting display bitmap 000000000deea140 to memory bitmap
dtor     D               dtor.c:196  _al_register_destructor          [  16.24851] added dtor for bitmap 000000000df7dc60, func 00007ffddf9c1bea
d3d      D          d3d_bmp.cpp:539  _al_d3d_sync_bitmap              [  16.24853] _al_d3d_sync_bitmap (system) ref count == 1
d3d      D          d3d_bmp.cpp:545  _al_d3d_sync_bitmap              [  16.24854] _al_d3d_sync_bitmap (video) ref count == 1
dtor     D               dtor.c:227  _al_unregister_destructor        [  16.24912] removed dtor for bitmap 000000000df7dc60
bitmap   D        bitmap_type.c:308  _al_convert_to_memory_bitmap     [  16.24956] converting display bitmap 000000000dee7870 to memory bitmap
dtor     D               dtor.c:196  _al_register_destructor          [  16.24961] added dtor for bitmap 000000000df7d3f0, func 00007ffddf9c1bea
d3d      D          d3d_bmp.cpp:539  _al_d3d_sync_bitmap              [  16.24963] _al_d3d_sync_bitmap (system) ref count == 1
d3d      D          d3d_bmp.cpp:545  _al_d3d_sync_bitmap              [  16.24964] _al_d3d_sync_bitmap (video) ref count == 1
dtor     D               dtor.c:227  _al_unregister_destructor        [  16.25033] removed dtor for bitmap 000000000df7d3f0
bitmap   D        bitmap_type.c:308  _al_convert_to_memory_bitmap     [  16.25074] converting display bitmap 000000000dee4b90 to memory bitmap
dtor     D               dtor.c:196  _al_register_destructor          [  16.25078] added dtor for bitmap 000000000df7d3f0, func 00007ffddf9c1bea
d3d      D          d3d_bmp.cpp:539  _al_d3d_sync_bitmap              [  16.25081] _al_d3d_sync_bitmap (system) ref count == 1
d3d      D          d3d_bmp.cpp:545  _al_d3d_sync_bitmap              [  16.25082] _al_d3d_sync_bitmap (video) ref count == 1
dtor     D               dtor.c:227  _al_unregister_destructor        [  16.25157] removed dtor for bitmap 000000000df7d3f0
bitmap   D        bitmap_type.c:308  _al_convert_to_memory_bitmap     [  16.25200] converting display bitmap 000000000dee4d50 to memory bitmap
dtor     D               dtor.c:196  _al_register_destructor          [  16.25205] added dtor for bitmap 000000000df7dc60, func 00007ffddf9c1bea
d3d      D          d3d_bmp.cpp:539  _al_d3d_sync_bitmap              [  16.25208] _al_d3d_sync_bitmap (system) ref count == 1
d3d      D          d3d_bmp.cpp:545  _al_d3d_sync_bitmap              [  16.25209] _al_d3d_sync_bitmap (video) ref count == 1
dtor     D               dtor.c:227  _al_unregister_destructor        [  16.25278] removed dtor for bitmap 000000000df7dc60
bitmap   D        bitmap_type.c:308  _al_convert_to_memory_bitmap     [  16.25319] converting display bitmap 0000000002cd62d0 to memory bitmap
dtor     D               dtor.c:196  _al_register_destructor          [  16.25326] added dtor for bitmap 000000000df7dfc0, func 00007ffddf9c1bea
d3d      D          d3d_bmp.cpp:539  _al_d3d_sync_bitmap              [  16.25329] _al_d3d_sync_bitmap (system) ref count == 1
d3d      D          d3d_bmp.cpp:545  _al_d3d_sync_bitmap              [  16.25330] _al_d3d_sync_bitmap (video) ref count == 1
dtor     D               dtor.c:227  _al_unregister_destructor        [  16.25571] removed dtor for bitmap 000000000df7dfc0
d3d      D         d3d_disp.cpp:899  d3d_destroy_display_internals    [  16.25640] waiting for display 000000000146b5f0's thread to end
d3d      W         d3d_disp.cpp:608  d3d_destroy_device               [  16.30251] d3d_destroy_device: ref count not 0
d3d      W         d3d_disp.cpp:608  d3d_destroy_device               [  16.30261] d3d_destroy_device: ref count not 0
d3d      I         d3d_disp.cpp:1562 d3d_display_thread_proc          [  16.31927] d3d display thread exits
dtor     D               dtor.c:227  _al_unregister_destructor        [  16.31998] removed dtor for timer 0000000002cd0510
dtor     D               dtor.c:227  _al_unregister_destructor        [  16.32004] removed dtor for queue 0000000002ccfc20
dtor     D               dtor.c:227  _al_unregister_destructor        [  16.32007] removed dtor for bitmap 000000000df7dab0
dtor     D               dtor.c:227  _al_unregister_destructor        [  16.32016] removed dtor for bitmap 000000000df7e170
dtor     D               dtor.c:227  _al_unregister_destructor        [  16.32024] removed dtor for ttf_font 0000000002cccde0
dtor     D               dtor.c:227  _al_unregister_destructor        [  16.32031] removed dtor for ttf_font 0000000002cce1f0
dtor     D               dtor.c:227  _al_unregister_destructor        [  16.32036] removed dtor for ttf_font 0000000002cce010
dtor     D               dtor.c:227  _al_unregister_destructor        [  16.32040] removed dtor for ttf_font 0000000002cce130
dtor     D               dtor.c:227  _al_unregister_destructor        [  16.32046] removed dtor for ttf_font 0000000002ccdb90
dtor     D               dtor.c:227  _al_unregister_destructor        [  16.32058] removed dtor for ttf_font 0000000002ccd890
dtor     D               dtor.c:227  _al_unregister_destructor        [  16.32063] removed dtor for bitmap 000000000dee4770
dtor     D               dtor.c:227  _al_unregister_destructor        [  16.32126] removed dtor for bitmap 0000000002cd62d0
dtor     D               dtor.c:227  _al_unregister_destructor        [  16.32138] removed dtor for bitmap 000000000dee2f90
dtor     D               dtor.c:227  _al_unregister_destructor        [  16.32200] removed dtor for bitmap 000000000dee4d50
dtor     D               dtor.c:227  _al_unregister_destructor        [  16.32205] removed dtor for bitmap 000000000df7b040
dtor     D               dtor.c:227  _al_unregister_destructor        [  16.32271] removed dtor for bitmap 000000000dee4b90
dtor     D               dtor.c:227  _al_unregister_destructor        [  16.32275] removed dtor for bitmap 000000000dee7870
dtor     D               dtor.c:227  _al_unregister_destructor        [  16.32276] removed dtor for bitmap 000000000deea140
dtor     D               dtor.c:227  _al_unregister_destructor        [  16.32281] removed dtor for bitmap 000000000deeca10
dtor     D               dtor.c:227  _al_unregister_destructor        [  16.32283] removed dtor for bitmap 000000000deef2e0
dtor     D               dtor.c:227  _al_unregister_destructor        [  16.32288] removed dtor for sample 0000000002cce2e0
dtor     D               dtor.c:227  _al_unregister_destructor        [  16.32295] removed dtor for sample 0000000002ccde00
dtor     D               dtor.c:227  _al_unregister_destructor        [  16.32492] removed dtor for sample_instance 0000000002ce2730
dtor     D               dtor.c:227  _al_unregister_destructor        [  16.32499] removed dtor for sample_instance 0000000002cd39e0
dtor     D               dtor.c:227  _al_unregister_destructor        [  16.32501] removed dtor for sample_instance 0000000002cd3b00
dtor     D               dtor.c:227  _al_unregister_destructor        [  16.32502] removed dtor for sample_instance 0000000002cd3c20
dtor     D               dtor.c:227  _al_unregister_destructor        [  16.32503] removed dtor for sample_instance 0000000002cd3d40
dtor     D               dtor.c:227  _al_unregister_destructor        [  16.32504] removed dtor for sample_instance 0000000002cd4150
dtor     D               dtor.c:227  _al_unregister_destructor        [  16.32505] removed dtor for sample_instance 0000000002cd4270
dtor     D               dtor.c:227  _al_unregister_destructor        [  16.32507] removed dtor for sample_instance 0000000002cd44d0
dtor     D               dtor.c:227  _al_unregister_destructor        [  16.32508] removed dtor for sample_instance 0000000002cd37c0
dtor     D               dtor.c:227  _al_unregister_destructor        [  16.32509] removed dtor for sample_instance 0000000002cd45f0
dtor     D               dtor.c:227  _al_unregister_destructor        [  16.32510] removed dtor for sample_instance 0000000002cd4f20
dtor     D               dtor.c:227  _al_unregister_destructor        [  16.32511] removed dtor for sample_instance 0000000002cd5040
dtor     D               dtor.c:227  _al_unregister_destructor        [  16.32513] removed dtor for sample_instance 0000000002cd5160
dtor     D               dtor.c:227  _al_unregister_destructor        [  16.32514] removed dtor for sample_instance 0000000002cd5280
dtor     D               dtor.c:227  _al_unregister_destructor        [  16.32516] removed dtor for sample_instance 0000000002ce2970
dtor     D               dtor.c:227  _al_unregister_destructor        [  16.32517] removed dtor for sample_instance 0000000002ce2df0
dtor     D               dtor.c:227  _al_unregister_destructor        [  16.32519] removed dtor for sample_instance 0000000002ce24f0
dtor     D               dtor.c:227  _al_unregister_destructor        [  16.32521] removed dtor for mixer 0000000002cd23b0
audio-dsound D           dsound.cpp:528  _dsound_stop_voice               [  16.32523] Stopping voice
audio-dsound D           dsound.cpp:545  _dsound_stop_voice               [  16.32524] Joining thread
audio-dsound D           dsound.cpp:551  _dsound_stop_voice               [  16.32778] Joined thread
audio-dsound D           dsound.cpp:553  _dsound_stop_voice               [  16.32783] Destroying thread
audio-dsound D           dsound.cpp:555  _dsound_stop_voice               [  16.32785] Thread destroyed
audio-dsound D           dsound.cpp:562  _dsound_stop_voice               [  16.32786] Releasing buffer
audio-dsound I           dsound.cpp:566  _dsound_stop_voice               [  16.32787] Voice stopped
dtor     D               dtor.c:227  _al_unregister_destructor        [  16.32789] removed dtor for voice 0000000002ccc140
audio-dsound D           dsound.cpp:380  _dsound_deallocate_voice         [  16.32791] Deallocating voice
audio-dsound D           dsound.cpp:385  _dsound_deallocate_voice         [  16.32792] Deallocated voice
audio-dsound D           dsound.cpp:296  _dsound_close                    [  16.32793] Releasing device
audio-dsound D           dsound.cpp:298  _dsound_close                    [  16.35335] Released device
audio-dsound I           dsound.cpp:299  _dsound_close                    [  16.35341] DirectSound closed
